{"/Users/jdeto/dev/mrp/stl-transit/www/src/arcgis.ts": {"path":"/Users/jdeto/dev/mrp/stl-transit/www/src/arcgis.ts","statementMap":{"0":{"start":{"line":26,"column":16},"end":{"line":29,"column":null}},"1":{"start":{"line":30,"column":4},"end":{"line":30,"column":null}},"2":{"start":{"line":31,"column":4},"end":{"line":31,"column":null}},"3":{"start":{"line":41,"column":15},"end":{"line":41,"column":null}},"4":{"start":{"line":42,"column":4},"end":{"line":44,"column":null}},"5":{"start":{"line":43,"column":8},"end":{"line":43,"column":null}},"6":{"start":{"line":45,"column":4},"end":{"line":45,"column":null}},"7":{"start":{"line":49,"column":4},"end":{"line":53,"column":null}},"8":{"start":{"line":65,"column":27},"end":{"line":73,"column":null}},"9":{"start":{"line":66,"column":4},"end":{"line":66,"column":null}},"10":{"start":{"line":66,"column":22},"end":{"line":66,"column":null}},"11":{"start":{"line":67,"column":4},"end":{"line":72,"column":null}},"12":{"start":{"line":75,"column":36},"end":{"line":84,"column":null}},"13":{"start":{"line":76,"column":4},"end":{"line":76,"column":null}},"14":{"start":{"line":76,"column":23},"end":{"line":76,"column":null}},"15":{"start":{"line":77,"column":50},"end":{"line":77,"column":null}},"16":{"start":{"line":78,"column":4},"end":{"line":82,"column":null}},"17":{"start":{"line":79,"column":8},"end":{"line":81,"column":null}},"18":{"start":{"line":83,"column":4},"end":{"line":83,"column":null}},"19":{"start":{"line":86,"column":25},"end":{"line":96,"column":null}},"20":{"start":{"line":87,"column":4},"end":{"line":95,"column":null}},"21":{"start":{"line":88,"column":8},"end":{"line":94,"column":null}},"22":{"start":{"line":99,"column":23},"end":{"line":114,"column":null}},"23":{"start":{"line":100,"column":4},"end":{"line":113,"column":null}},"24":{"start":{"line":101,"column":8},"end":{"line":112,"column":null}},"25":{"start":{"line":115,"column":26},"end":{"line":129,"column":null}},"26":{"start":{"line":116,"column":4},"end":{"line":128,"column":null}},"27":{"start":{"line":117,"column":8},"end":{"line":127,"column":null}},"28":{"start":{"line":133,"column":4},"end":{"line":147,"column":5}},"29":{"start":{"line":135,"column":29},"end":{"line":135,"column":null}},"30":{"start":{"line":136,"column":12},"end":{"line":138,"column":null}},"31":{"start":{"line":137,"column":16},"end":{"line":137,"column":null}},"32":{"start":{"line":137,"column":35},"end":{"line":137,"column":null}},"33":{"start":{"line":139,"column":12},"end":{"line":139,"column":null}},"34":{"start":{"line":142,"column":13},"end":{"line":144,"column":null}},"35":{"start":{"line":143,"column":16},"end":{"line":143,"column":null}},"36":{"start":{"line":143,"column":35},"end":{"line":143,"column":null}},"37":{"start":{"line":145,"column":12},"end":{"line":145,"column":null}},"38":{"start":{"line":148,"column":4},"end":{"line":148,"column":null}},"39":{"start":{"line":152,"column":4},"end":{"line":156,"column":null}},"40":{"start":{"line":160,"column":4},"end":{"line":160,"column":null}},"41":{"start":{"line":171,"column":4},"end":{"line":185,"column":null}}},"fnMap":{"0":{"name":"buildArcgisMap","decl":{"start":{"line":25,"column":16},"end":{"line":25,"column":31}},"loc":{"start":{"line":25,"column":76},"end":{"line":32,"column":1}},"line":25},"1":{"name":"buildArcgisElement","decl":{"start":{"line":40,"column":16},"end":{"line":40,"column":35}},"loc":{"start":{"line":40,"column":83},"end":{"line":46,"column":null}},"line":40},"2":{"name":"newHighlightSetting","decl":{"start":{"line":48,"column":16},"end":{"line":48,"column":36}},"loc":{"start":{"line":48,"column":116},"end":{"line":54,"column":null}},"line":48},"3":{"name":"(anonymous_3)","decl":{"start":{"line":65,"column":27},"end":{"line":65,"column":28}},"loc":{"start":{"line":65,"column":50},"end":{"line":73,"column":null}},"line":65},"4":{"name":"(anonymous_4)","decl":{"start":{"line":75,"column":36},"end":{"line":75,"column":37}},"loc":{"start":{"line":75,"column":94},"end":{"line":84,"column":null}},"line":75},"5":{"name":"(anonymous_5)","decl":{"start":{"line":86,"column":25},"end":{"line":86,"column":26}},"loc":{"start":{"line":86,"column":51},"end":{"line":96,"column":null}},"line":86},"6":{"name":"(anonymous_6)","decl":{"start":{"line":87,"column":29},"end":{"line":87,"column":30}},"loc":{"start":{"line":87,"column":41},"end":{"line":95,"column":5}},"line":87},"7":{"name":"(anonymous_7)","decl":{"start":{"line":99,"column":23},"end":{"line":99,"column":24}},"loc":{"start":{"line":99,"column":49},"end":{"line":114,"column":null}},"line":99},"8":{"name":"(anonymous_8)","decl":{"start":{"line":100,"column":29},"end":{"line":100,"column":30}},"loc":{"start":{"line":100,"column":41},"end":{"line":113,"column":5}},"line":100},"9":{"name":"(anonymous_9)","decl":{"start":{"line":115,"column":26},"end":{"line":115,"column":27}},"loc":{"start":{"line":115,"column":52},"end":{"line":129,"column":null}},"line":115},"10":{"name":"(anonymous_10)","decl":{"start":{"line":116,"column":29},"end":{"line":116,"column":30}},"loc":{"start":{"line":116,"column":41},"end":{"line":128,"column":5}},"line":116},"11":{"name":"updateRenderedSizes","decl":{"start":{"line":132,"column":16},"end":{"line":132,"column":36}},"loc":{"start":{"line":132,"column":134},"end":{"line":149,"column":null}},"line":132},"12":{"name":"(anonymous_12)","decl":{"start":{"line":136,"column":35},"end":{"line":136,"column":36}},"loc":{"start":{"line":136,"column":48},"end":{"line":138,"column":13}},"line":136},"13":{"name":"(anonymous_13)","decl":{"start":{"line":142,"column":70},"end":{"line":142,"column":71}},"loc":{"start":{"line":142,"column":81},"end":{"line":144,"column":13}},"line":142},"14":{"name":"queryLayer","decl":{"start":{"line":151,"column":22},"end":{"line":151,"column":33}},"loc":{"start":{"line":151,"column":97},"end":{"line":157,"column":null}},"line":151},"15":{"name":"applyFeatureEffect","decl":{"start":{"line":159,"column":16},"end":{"line":159,"column":35}},"loc":{"start":{"line":159,"column":91},"end":{"line":161,"column":null}},"line":159},"16":{"name":"drawCircle","decl":{"start":{"line":170,"column":22},"end":{"line":170,"column":33}},"loc":{"start":{"line":170,"column":92},"end":{"line":186,"column":null}},"line":170}},"branchMap":{"0":{"loc":{"start":{"line":42,"column":4},"end":{"line":44,"column":null}},"type":"if","locations":[{"start":{"line":42,"column":4},"end":{"line":44,"column":null}},{"start":{},"end":{}}],"line":42},"1":{"loc":{"start":{"line":66,"column":4},"end":{"line":66,"column":null}},"type":"if","locations":[{"start":{"line":66,"column":4},"end":{"line":66,"column":null}},{"start":{},"end":{}}],"line":66},"2":{"loc":{"start":{"line":70,"column":16},"end":{"line":71,"column":null}},"type":"cond-expr","locations":[{"start":{"line":70,"column":29},"end":{"line":70,"column":null}},{"start":{"line":71,"column":12},"end":{"line":71,"column":null}}],"line":70},"3":{"loc":{"start":{"line":76,"column":4},"end":{"line":76,"column":null}},"type":"if","locations":[{"start":{"line":76,"column":4},"end":{"line":76,"column":null}},{"start":{},"end":{}}],"line":76},"4":{"loc":{"start":{"line":80,"column":46},"end":{"line":80,"column":null}},"type":"binary-expr","locations":[{"start":{"line":80,"column":46},"end":{"line":80,"column":60}},{"start":{"line":80,"column":60},"end":{"line":80,"column":null}}],"line":80},"5":{"loc":{"start":{"line":90,"column":24},"end":{"line":90,"column":null}},"type":"cond-expr","locations":[{"start":{"line":90,"column":62},"end":{"line":90,"column":95}},{"start":{"line":90,"column":95},"end":{"line":90,"column":null}}],"line":90},"6":{"loc":{"start":{"line":110,"column":29},"end":{"line":110,"column":null}},"type":"cond-expr","locations":[{"start":{"line":110,"column":56},"end":{"line":110,"column":102}},{"start":{"line":110,"column":102},"end":{"line":110,"column":null}}],"line":110},"7":{"loc":{"start":{"line":125,"column":29},"end":{"line":125,"column":null}},"type":"cond-expr","locations":[{"start":{"line":125,"column":56},"end":{"line":125,"column":102}},{"start":{"line":125,"column":102},"end":{"line":125,"column":null}}],"line":125},"8":{"loc":{"start":{"line":133,"column":4},"end":{"line":147,"column":5}},"type":"switch","locations":[{"start":{"line":134,"column":8},"end":{"line":140,"column":null}},{"start":{"line":141,"column":8},"end":{"line":146,"column":null}}],"line":133},"9":{"loc":{"start":{"line":137,"column":16},"end":{"line":137,"column":null}},"type":"if","locations":[{"start":{"line":137,"column":16},"end":{"line":137,"column":null}},{"start":{},"end":{}}],"line":137},"10":{"loc":{"start":{"line":143,"column":16},"end":{"line":143,"column":null}},"type":"if","locations":[{"start":{"line":143,"column":16},"end":{"line":143,"column":null}},{"start":{},"end":{}}],"line":143}},"s":{"0":0,"1":0,"2":0,"3":0,"4":0,"5":0,"6":0,"7":13,"8":2,"9":8,"10":0,"11":8,"12":2,"13":5,"14":1,"15":4,"16":4,"17":8,"18":4,"19":2,"20":2,"21":2,"22":2,"23":5,"24":4,"25":2,"26":1,"27":1,"28":2,"29":1,"30":1,"31":2,"32":2,"33":1,"34":1,"35":2,"36":2,"37":1,"38":2,"39":0,"40":0,"41":0},"f":{"0":0,"1":0,"2":13,"3":8,"4":5,"5":2,"6":2,"7":5,"8":4,"9":1,"10":1,"11":2,"12":2,"13":2,"14":0,"15":0,"16":0},"b":{"0":[0,0],"1":[0,8],"2":[2,6],"3":[1,4],"4":[8,6],"5":[1,1],"6":[1,3],"7":[1,0],"8":[1,1],"9":[2,0],"10":[2,0]},"meta":{"lastBranch":11,"lastFunction":17,"lastStatement":42,"seen":{"f:25:16:25:31":0,"s:26:16:29:Infinity":0,"s:30:4:30:Infinity":1,"s:31:4:31:Infinity":2,"f:40:16:40:35":1,"s:41:15:41:Infinity":3,"b:42:4:44:Infinity:undefined:undefined:undefined:undefined":0,"s:42:4:44:Infinity":4,"s:43:8:43:Infinity":5,"s:45:4:45:Infinity":6,"f:48:16:48:36":2,"s:49:4:53:Infinity":7,"s:65:27:73:Infinity":8,"f:65:27:65:28":3,"b:66:4:66:Infinity:undefined:undefined:undefined:undefined":1,"s:66:4:66:Infinity":9,"s:66:22:66:Infinity":10,"s:67:4:72:Infinity":11,"b:70:29:70:Infinity:71:12:71:Infinity":2,"s:75:36:84:Infinity":12,"f:75:36:75:37":4,"b:76:4:76:Infinity:undefined:undefined:undefined:undefined":3,"s:76:4:76:Infinity":13,"s:76:23:76:Infinity":14,"s:77:50:77:Infinity":15,"s:78:4:82:Infinity":16,"s:79:8:81:Infinity":17,"b:80:46:80:60:80:60:80:Infinity":4,"s:83:4:83:Infinity":18,"s:86:25:96:Infinity":19,"f:86:25:86:26":5,"s:87:4:95:Infinity":20,"f:87:29:87:30":6,"s:88:8:94:Infinity":21,"b:90:62:90:95:90:95:90:Infinity":5,"s:99:23:114:Infinity":22,"f:99:23:99:24":7,"s:100:4:113:Infinity":23,"f:100:29:100:30":8,"s:101:8:112:Infinity":24,"b:110:56:110:102:110:102:110:Infinity":6,"s:115:26:129:Infinity":25,"f:115:26:115:27":9,"s:116:4:128:Infinity":26,"f:116:29:116:30":10,"s:117:8:127:Infinity":27,"b:125:56:125:102:125:102:125:Infinity":7,"f:132:16:132:36":11,"b:134:8:140:Infinity:141:8:146:Infinity":8,"s:133:4:147:5":28,"s:135:29:135:Infinity":29,"s:136:12:138:Infinity":30,"f:136:35:136:36":12,"b:137:16:137:Infinity:undefined:undefined:undefined:undefined":9,"s:137:16:137:Infinity":31,"s:137:35:137:Infinity":32,"s:139:12:139:Infinity":33,"s:142:13:144:Infinity":34,"f:142:70:142:71":13,"b:143:16:143:Infinity:undefined:undefined:undefined:undefined":10,"s:143:16:143:Infinity":35,"s:143:35:143:Infinity":36,"s:145:12:145:Infinity":37,"s:148:4:148:Infinity":38,"f:151:22:151:33":14,"s:152:4:156:Infinity":39,"f:159:16:159:35":15,"s:160:4:160:Infinity":40,"f:170:22:170:33":16,"s:171:4:185:Infinity":41}}}
,"/Users/jdeto/dev/mrp/stl-transit/www/src/calcite.ts": {"path":"/Users/jdeto/dev/mrp/stl-transit/www/src/calcite.ts","statementMap":{"0":{"start":{"line":23,"column":18},"end":{"line":23,"column":null}},"1":{"start":{"line":24,"column":4},"end":{"line":24,"column":null}},"2":{"start":{"line":24,"column":23},"end":{"line":24,"column":null}},"3":{"start":{"line":25,"column":4},"end":{"line":25,"column":null}},"4":{"start":{"line":26,"column":4},"end":{"line":26,"column":null}},"5":{"start":{"line":27,"column":4},"end":{"line":27,"column":null}},"6":{"start":{"line":27,"column":24},"end":{"line":27,"column":null}},"7":{"start":{"line":28,"column":4},"end":{"line":31,"column":null}},"8":{"start":{"line":29,"column":24},"end":{"line":29,"column":null}},"9":{"start":{"line":30,"column":8},"end":{"line":30,"column":null}},"10":{"start":{"line":32,"column":4},"end":{"line":32,"column":null}},"11":{"start":{"line":45,"column":20},"end":{"line":45,"column":null}},"12":{"start":{"line":46,"column":4},"end":{"line":46,"column":null}},"13":{"start":{"line":47,"column":4},"end":{"line":47,"column":null}},"14":{"start":{"line":48,"column":4},"end":{"line":48,"column":null}},"15":{"start":{"line":49,"column":4},"end":{"line":49,"column":null}},"16":{"start":{"line":50,"column":4},"end":{"line":50,"column":null}},"17":{"start":{"line":70,"column":18},"end":{"line":70,"column":null}},"18":{"start":{"line":71,"column":19},"end":{"line":75,"column":null}},"19":{"start":{"line":76,"column":4},"end":{"line":76,"column":null}},"20":{"start":{"line":77,"column":4},"end":{"line":79,"column":null}},"21":{"start":{"line":78,"column":8},"end":{"line":78,"column":null}},"22":{"start":{"line":80,"column":20},"end":{"line":80,"column":null}},"23":{"start":{"line":81,"column":4},"end":{"line":83,"column":null}},"24":{"start":{"line":82,"column":8},"end":{"line":82,"column":null}},"25":{"start":{"line":84,"column":4},"end":{"line":84,"column":null}},"26":{"start":{"line":85,"column":4},"end":{"line":85,"column":null}},"27":{"start":{"line":103,"column":22},"end":{"line":106,"column":null}},"28":{"start":{"line":107,"column":4},"end":{"line":107,"column":null}},"29":{"start":{"line":107,"column":24},"end":{"line":107,"column":null}},"30":{"start":{"line":108,"column":4},"end":{"line":108,"column":null}},"31":{"start":{"line":111,"column":22},"end":{"line":114,"column":null}},"32":{"start":{"line":115,"column":4},"end":{"line":115,"column":null}},"33":{"start":{"line":115,"column":24},"end":{"line":115,"column":null}},"34":{"start":{"line":117,"column":48},"end":{"line":117,"column":null}},"35":{"start":{"line":118,"column":50},"end":{"line":118,"column":null}},"36":{"start":{"line":120,"column":4},"end":{"line":126,"column":null}},"37":{"start":{"line":121,"column":8},"end":{"line":125,"column":null}},"38":{"start":{"line":122,"column":40},"end":{"line":122,"column":null}},"39":{"start":{"line":123,"column":12},"end":{"line":123,"column":null}},"40":{"start":{"line":124,"column":12},"end":{"line":124,"column":null}},"41":{"start":{"line":124,"column":25},"end":{"line":124,"column":null}},"42":{"start":{"line":128,"column":4},"end":{"line":153,"column":null}},"43":{"start":{"line":129,"column":22},"end":{"line":129,"column":null}},"44":{"start":{"line":130,"column":25},"end":{"line":130,"column":null}},"45":{"start":{"line":131,"column":25},"end":{"line":131,"column":null}},"46":{"start":{"line":132,"column":23},"end":{"line":132,"column":null}},"47":{"start":{"line":133,"column":23},"end":{"line":133,"column":null}},"48":{"start":{"line":134,"column":53},"end":{"line":148,"column":null}},"49":{"start":{"line":140,"column":32},"end":{"line":140,"column":null}},"50":{"start":{"line":141,"column":16},"end":{"line":144,"column":null}},"51":{"start":{"line":142,"column":20},"end":{"line":142,"column":null}},"52":{"start":{"line":142,"column":43},"end":{"line":142,"column":null}},"53":{"start":{"line":143,"column":20},"end":{"line":143,"column":null}},"54":{"start":{"line":145,"column":33},"end":{"line":145,"column":null}},"55":{"start":{"line":146,"column":16},"end":{"line":146,"column":null}},"56":{"start":{"line":146,"column":56},"end":{"line":146,"column":64}},"57":{"start":{"line":149,"column":26},"end":{"line":149,"column":null}},"58":{"start":{"line":150,"column":53},"end":{"line":150,"column":null}},"59":{"start":{"line":151,"column":8},"end":{"line":151,"column":null}},"60":{"start":{"line":152,"column":8},"end":{"line":152,"column":null}},"61":{"start":{"line":152,"column":20},"end":{"line":152,"column":null}},"62":{"start":{"line":155,"column":4},"end":{"line":155,"column":null}},"63":{"start":{"line":156,"column":4},"end":{"line":156,"column":null}},"64":{"start":{"line":159,"column":18},"end":{"line":159,"column":null}},"65":{"start":{"line":160,"column":4},"end":{"line":160,"column":null}},"66":{"start":{"line":161,"column":4},"end":{"line":161,"column":null}},"67":{"start":{"line":162,"column":20},"end":{"line":162,"column":null}},"68":{"start":{"line":163,"column":4},"end":{"line":163,"column":null}},"69":{"start":{"line":164,"column":4},"end":{"line":164,"column":null}},"70":{"start":{"line":175,"column":18},"end":{"line":180,"column":null}},"71":{"start":{"line":181,"column":19},"end":{"line":181,"column":null}},"72":{"start":{"line":182,"column":4},"end":{"line":182,"column":null}},"73":{"start":{"line":182,"column":62},"end":{"line":182,"column":99}},"74":{"start":{"line":183,"column":4},"end":{"line":183,"column":null}},"75":{"start":{"line":184,"column":4},"end":{"line":184,"column":null}},"76":{"start":{"line":193,"column":18},"end":{"line":199,"column":null}},"77":{"start":{"line":201,"column":4},"end":{"line":204,"column":null}},"78":{"start":{"line":202,"column":23},"end":{"line":202,"column":null}},"79":{"start":{"line":203,"column":8},"end":{"line":203,"column":null}},"80":{"start":{"line":206,"column":4},"end":{"line":206,"column":null}},"81":{"start":{"line":207,"column":4},"end":{"line":207,"column":null}},"82":{"start":{"line":217,"column":4},"end":{"line":217,"column":null}},"83":{"start":{"line":217,"column":28},"end":{"line":217,"column":null}},"84":{"start":{"line":220,"column":20},"end":{"line":220,"column":null}},"85":{"start":{"line":223,"column":52},"end":{"line":223,"column":null}},"86":{"start":{"line":224,"column":4},"end":{"line":231,"column":null}},"87":{"start":{"line":225,"column":8},"end":{"line":229,"column":null}},"88":{"start":{"line":226,"column":12},"end":{"line":228,"column":null}},"89":{"start":{"line":230,"column":8},"end":{"line":230,"column":null}},"90":{"start":{"line":234,"column":4},"end":{"line":242,"column":null}},"91":{"start":{"line":235,"column":26},"end":{"line":235,"column":null}},"92":{"start":{"line":236,"column":8},"end":{"line":241,"column":null}},"93":{"start":{"line":237,"column":24},"end":{"line":237,"column":null}},"94":{"start":{"line":238,"column":12},"end":{"line":238,"column":null}},"95":{"start":{"line":238,"column":22},"end":{"line":238,"column":null}},"96":{"start":{"line":239,"column":12},"end":{"line":239,"column":null}},"97":{"start":{"line":240,"column":12},"end":{"line":240,"column":null}},"98":{"start":{"line":246,"column":22},"end":{"line":246,"column":null}},"99":{"start":{"line":247,"column":4},"end":{"line":253,"column":null}},"100":{"start":{"line":248,"column":23},"end":{"line":248,"column":null}},"101":{"start":{"line":249,"column":20},"end":{"line":249,"column":null}},"102":{"start":{"line":250,"column":8},"end":{"line":252,"column":null}},"103":{"start":{"line":251,"column":12},"end":{"line":251,"column":null}},"104":{"start":{"line":256,"column":16},"end":{"line":256,"column":null}},"105":{"start":{"line":257,"column":4},"end":{"line":257,"column":null}},"106":{"start":{"line":258,"column":4},"end":{"line":258,"column":null}},"107":{"start":{"line":266,"column":18},"end":{"line":266,"column":null}},"108":{"start":{"line":267,"column":16},"end":{"line":273,"column":null}},"109":{"start":{"line":275,"column":19},"end":{"line":281,"column":null}},"110":{"start":{"line":284,"column":4},"end":{"line":287,"column":null}},"111":{"start":{"line":285,"column":8},"end":{"line":285,"column":null}},"112":{"start":{"line":286,"column":8},"end":{"line":286,"column":null}},"113":{"start":{"line":289,"column":4},"end":{"line":292,"column":null}},"114":{"start":{"line":294,"column":4},"end":{"line":294,"column":null}},"115":{"start":{"line":301,"column":16},"end":{"line":305,"column":null}},"116":{"start":{"line":306,"column":4},"end":{"line":306,"column":null}},"117":{"start":{"line":307,"column":4},"end":{"line":307,"column":null}},"118":{"start":{"line":308,"column":4},"end":{"line":308,"column":null}},"119":{"start":{"line":308,"column":14},"end":{"line":308,"column":null}},"120":{"start":{"line":309,"column":4},"end":{"line":309,"column":null}},"121":{"start":{"line":315,"column":48},"end":{"line":315,"column":null}},"122":{"start":{"line":316,"column":4},"end":{"line":331,"column":null}},"123":{"start":{"line":317,"column":8},"end":{"line":322,"column":null}},"124":{"start":{"line":318,"column":12},"end":{"line":318,"column":null}},"125":{"start":{"line":318,"column":47},"end":{"line":318,"column":null}},"126":{"start":{"line":319,"column":24},"end":{"line":319,"column":null}},"127":{"start":{"line":320,"column":12},"end":{"line":320,"column":null}},"128":{"start":{"line":320,"column":48},"end":{"line":320,"column":74}},"129":{"start":{"line":321,"column":12},"end":{"line":321,"column":null}},"130":{"start":{"line":323,"column":8},"end":{"line":330,"column":null}},"131":{"start":{"line":324,"column":27},"end":{"line":324,"column":null}},"132":{"start":{"line":325,"column":12},"end":{"line":328,"column":null}},"133":{"start":{"line":326,"column":31},"end":{"line":326,"column":null}},"134":{"start":{"line":326,"column":63},"end":{"line":326,"column":71}},"135":{"start":{"line":327,"column":16},"end":{"line":327,"column":null}},"136":{"start":{"line":329,"column":12},"end":{"line":329,"column":null}},"137":{"start":{"line":332,"column":4},"end":{"line":332,"column":null}},"138":{"start":{"line":352,"column":16},"end":{"line":355,"column":null}},"139":{"start":{"line":356,"column":4},"end":{"line":356,"column":null}},"140":{"start":{"line":356,"column":24},"end":{"line":356,"column":null}},"141":{"start":{"line":357,"column":4},"end":{"line":357,"column":null}},"142":{"start":{"line":357,"column":54},"end":{"line":357,"column":82}},"143":{"start":{"line":359,"column":50},"end":{"line":359,"column":null}},"144":{"start":{"line":361,"column":4},"end":{"line":400,"column":null}},"145":{"start":{"line":363,"column":8},"end":{"line":368,"column":null}},"146":{"start":{"line":364,"column":12},"end":{"line":367,"column":null}},"147":{"start":{"line":369,"column":8},"end":{"line":395,"column":null}},"148":{"start":{"line":370,"column":12},"end":{"line":386,"column":null}},"149":{"start":{"line":371,"column":29},"end":{"line":371,"column":null}},"150":{"start":{"line":371,"column":76},"end":{"line":371,"column":84}},"151":{"start":{"line":372,"column":16},"end":{"line":382,"column":null}},"152":{"start":{"line":373,"column":33},"end":{"line":373,"column":null}},"153":{"start":{"line":374,"column":20},"end":{"line":379,"column":null}},"154":{"start":{"line":375,"column":24},"end":{"line":378,"column":null}},"155":{"start":{"line":381,"column":20},"end":{"line":381,"column":null}},"156":{"start":{"line":385,"column":16},"end":{"line":385,"column":null}},"157":{"start":{"line":388,"column":12},"end":{"line":388,"column":null}},"158":{"start":{"line":388,"column":39},"end":{"line":388,"column":null}},"159":{"start":{"line":389,"column":12},"end":{"line":394,"column":null}},"160":{"start":{"line":390,"column":16},"end":{"line":393,"column":null}},"161":{"start":{"line":396,"column":8},"end":{"line":398,"column":null}},"162":{"start":{"line":397,"column":12},"end":{"line":397,"column":null}},"163":{"start":{"line":399,"column":8},"end":{"line":399,"column":null}},"164":{"start":{"line":401,"column":4},"end":{"line":401,"column":null}},"165":{"start":{"line":411,"column":18},"end":{"line":415,"column":null}},"166":{"start":{"line":416,"column":16},"end":{"line":416,"column":null}},"167":{"start":{"line":417,"column":4},"end":{"line":417,"column":null}},"168":{"start":{"line":418,"column":4},"end":{"line":418,"column":null}},"169":{"start":{"line":437,"column":17},"end":{"line":440,"column":null}},"170":{"start":{"line":441,"column":4},"end":{"line":441,"column":null}},"171":{"start":{"line":441,"column":24},"end":{"line":441,"column":null}},"172":{"start":{"line":443,"column":16},"end":{"line":443,"column":null}},"173":{"start":{"line":444,"column":4},"end":{"line":444,"column":null}},"174":{"start":{"line":444,"column":20},"end":{"line":444,"column":null}},"175":{"start":{"line":445,"column":22},"end":{"line":448,"column":null}},"176":{"start":{"line":450,"column":4},"end":{"line":471,"column":null}},"177":{"start":{"line":451,"column":58},"end":{"line":451,"column":null}},"178":{"start":{"line":453,"column":8},"end":{"line":466,"column":null}},"179":{"start":{"line":454,"column":12},"end":{"line":465,"column":null}},"180":{"start":{"line":455,"column":29},"end":{"line":455,"column":null}},"181":{"start":{"line":455,"column":76},"end":{"line":455,"column":84}},"182":{"start":{"line":456,"column":29},"end":{"line":456,"column":null}},"183":{"start":{"line":457,"column":16},"end":{"line":462,"column":null}},"184":{"start":{"line":458,"column":20},"end":{"line":461,"column":null}},"185":{"start":{"line":464,"column":16},"end":{"line":464,"column":null}},"186":{"start":{"line":467,"column":8},"end":{"line":469,"column":null}},"187":{"start":{"line":468,"column":12},"end":{"line":468,"column":null}},"188":{"start":{"line":470,"column":8},"end":{"line":470,"column":null}},"189":{"start":{"line":472,"column":4},"end":{"line":478,"column":null}},"190":{"start":{"line":473,"column":21},"end":{"line":475,"column":null}},"191":{"start":{"line":474,"column":32},"end":{"line":474,"column":42}},"192":{"start":{"line":475,"column":29},"end":{"line":475,"column":42}},"193":{"start":{"line":476,"column":8},"end":{"line":476,"column":null}},"194":{"start":{"line":477,"column":8},"end":{"line":477,"column":null}},"195":{"start":{"line":480,"column":4},"end":{"line":489,"column":null}},"196":{"start":{"line":481,"column":25},"end":{"line":481,"column":null}},"197":{"start":{"line":482,"column":8},"end":{"line":482,"column":null}},"198":{"start":{"line":483,"column":8},"end":{"line":483,"column":null}},"199":{"start":{"line":484,"column":8},"end":{"line":487,"column":null}},"200":{"start":{"line":485,"column":12},"end":{"line":485,"column":null}},"201":{"start":{"line":485,"column":114},"end":{"line":485,"column":135}},"202":{"start":{"line":486,"column":12},"end":{"line":486,"column":null}},"203":{"start":{"line":488,"column":8},"end":{"line":488,"column":null}},"204":{"start":{"line":491,"column":4},"end":{"line":491,"column":null}},"205":{"start":{"line":492,"column":4},"end":{"line":492,"column":null}}},"fnMap":{"0":{"name":"buildCalcitePanel","decl":{"start":{"line":17,"column":16},"end":{"line":17,"column":34}},"loc":{"start":{"line":22,"column":28},"end":{"line":33,"column":null}},"line":22},"1":{"name":"buildCalciteTooltip","decl":{"start":{"line":44,"column":16},"end":{"line":44,"column":36}},"loc":{"start":{"line":44,"column":91},"end":{"line":51,"column":1}},"line":44},"2":{"name":"buildCalciteAction","decl":{"start":{"line":69,"column":16},"end":{"line":69,"column":35}},"loc":{"start":{"line":69,"column":83},"end":{"line":86,"column":1}},"line":69},"3":{"name":"buildCalciteActionBar","decl":{"start":{"line":102,"column":16},"end":{"line":102,"column":38}},"loc":{"start":{"line":102,"column":97},"end":{"line":109,"column":null}},"line":102},"4":{"name":"buildCalciteActionBarWithActions","decl":{"start":{"line":110,"column":16},"end":{"line":110,"column":49}},"loc":{"start":{"line":110,"column":109},"end":{"line":157,"column":null}},"line":110},"5":{"name":"(anonymous_5)","decl":{"start":{"line":121,"column":35},"end":{"line":121,"column":36}},"loc":{"start":{"line":121,"column":62},"end":{"line":125,"column":9}},"line":121},"6":{"name":"(anonymous_6)","decl":{"start":{"line":139,"column":21},"end":{"line":139,"column":33}},"loc":{"start":{"line":139,"column":33},"end":{"line":147,"column":null}},"line":139},"7":{"name":"(anonymous_7)","decl":{"start":{"line":141,"column":69},"end":{"line":141,"column":70}},"loc":{"start":{"line":141,"column":78},"end":{"line":144,"column":17}},"line":141},"8":{"name":"(anonymous_8)","decl":{"start":{"line":146,"column":49},"end":{"line":146,"column":50}},"loc":{"start":{"line":146,"column":56},"end":{"line":146,"column":64}},"line":146},"9":{"name":"buildCalciteLegendPanel","decl":{"start":{"line":158,"column":16},"end":{"line":158,"column":40}},"loc":{"start":{"line":158,"column":82},"end":{"line":165,"column":null}},"line":158},"10":{"name":"buildCalciteSliderBlock","decl":{"start":{"line":174,"column":16},"end":{"line":174,"column":40}},"loc":{"start":{"line":174,"column":137},"end":{"line":185,"column":1}},"line":174},"11":{"name":"(anonymous_11)","decl":{"start":{"line":182,"column":50},"end":{"line":182,"column":62}},"loc":{"start":{"line":182,"column":62},"end":{"line":182,"column":99}},"line":182},"12":{"name":"buildCalciteTableBlock","decl":{"start":{"line":188,"column":16},"end":{"line":188,"column":null}},"loc":{"start":{"line":192,"column":27},"end":{"line":208,"column":null}},"line":192},"13":{"name":"buildCalciteTable","decl":{"start":{"line":216,"column":16},"end":{"line":216,"column":34}},"loc":{"start":{"line":216,"column":85},"end":{"line":259,"column":null}},"line":216},"14":{"name":"(anonymous_14)","decl":{"start":{"line":224,"column":23},"end":{"line":224,"column":24}},"loc":{"start":{"line":224,"column":48},"end":{"line":231,"column":5}},"line":224},"15":{"name":"(anonymous_15)","decl":{"start":{"line":236,"column":27},"end":{"line":236,"column":28}},"loc":{"start":{"line":236,"column":39},"end":{"line":241,"column":9}},"line":236},"16":{"name":"(anonymous_16)","decl":{"start":{"line":247,"column":21},"end":{"line":247,"column":22}},"loc":{"start":{"line":247,"column":67},"end":{"line":253,"column":5}},"line":247},"17":{"name":"(anonymous_17)","decl":{"start":{"line":250,"column":21},"end":{"line":250,"column":22}},"loc":{"start":{"line":250,"column":35},"end":{"line":252,"column":9}},"line":250},"18":{"name":"buildCalciteNotice","decl":{"start":{"line":263,"column":16},"end":{"line":263,"column":35}},"loc":{"start":{"line":265,"column":2},"end":{"line":295,"column":null}},"line":265},"19":{"name":"(anonymous_19)","decl":{"start":{"line":284,"column":34},"end":{"line":284,"column":40}},"loc":{"start":{"line":284,"column":40},"end":{"line":287,"column":5}},"line":284},"20":{"name":"buildCalciteButton","decl":{"start":{"line":300,"column":9},"end":{"line":300,"column":28}},"loc":{"start":{"line":300,"column":119},"end":{"line":310,"column":null}},"line":300},"21":{"name":"makeRoutesButtons","decl":{"start":{"line":311,"column":16},"end":{"line":311,"column":34}},"loc":{"start":{"line":314,"column":30},"end":{"line":333,"column":null}},"line":314},"22":{"name":"(anonymous_22)","decl":{"start":{"line":317,"column":39},"end":{"line":317,"column":40}},"loc":{"start":{"line":317,"column":58},"end":{"line":322,"column":9}},"line":317},"23":{"name":"(anonymous_23)","decl":{"start":{"line":320,"column":42},"end":{"line":320,"column":48}},"loc":{"start":{"line":320,"column":48},"end":{"line":320,"column":74}},"line":320},"24":{"name":"(anonymous_24)","decl":{"start":{"line":325,"column":45},"end":{"line":325,"column":51}},"loc":{"start":{"line":325,"column":51},"end":{"line":328,"column":13}},"line":325},"25":{"name":"(anonymous_25)","decl":{"start":{"line":326,"column":58},"end":{"line":326,"column":63}},"loc":{"start":{"line":326,"column":63},"end":{"line":326,"column":71}},"line":326},"26":{"name":"buildCalciteSelect","decl":{"start":{"line":351,"column":22},"end":{"line":351,"column":41}},"loc":{"start":{"line":351,"column":103},"end":{"line":402,"column":null}},"line":351},"27":{"name":"(anonymous_27)","decl":{"start":{"line":357,"column":48},"end":{"line":357,"column":54}},"loc":{"start":{"line":357,"column":54},"end":{"line":357,"column":82}},"line":357},"28":{"name":"(anonymous_28)","decl":{"start":{"line":371,"column":71},"end":{"line":371,"column":76}},"loc":{"start":{"line":371,"column":76},"end":{"line":371,"column":84}},"line":371},"29":{"name":"buildCalciteSelectBlock","decl":{"start":{"line":410,"column":22},"end":{"line":410,"column":46}},"loc":{"start":{"line":410,"column":107},"end":{"line":419,"column":null}},"line":410},"30":{"name":"buildCalciteDropdown","decl":{"start":{"line":436,"column":22},"end":{"line":436,"column":43}},"loc":{"start":{"line":436,"column":129},"end":{"line":493,"column":null}},"line":436},"31":{"name":"(anonymous_31)","decl":{"start":{"line":455,"column":71},"end":{"line":455,"column":76}},"loc":{"start":{"line":455,"column":76},"end":{"line":455,"column":84}},"line":455},"32":{"name":"(anonymous_32)","decl":{"start":{"line":472,"column":51},"end":{"line":472,"column":57}},"loc":{"start":{"line":472,"column":57},"end":{"line":478,"column":5}},"line":472},"33":{"name":"(anonymous_33)","decl":{"start":{"line":474,"column":20},"end":{"line":474,"column":21}},"loc":{"start":{"line":474,"column":32},"end":{"line":474,"column":42}},"line":474},"34":{"name":"(anonymous_34)","decl":{"start":{"line":475,"column":17},"end":{"line":475,"column":18}},"loc":{"start":{"line":475,"column":29},"end":{"line":475,"column":42}},"line":475},"35":{"name":"(anonymous_35)","decl":{"start":{"line":484,"column":43},"end":{"line":484,"column":49}},"loc":{"start":{"line":484,"column":49},"end":{"line":487,"column":9}},"line":484},"36":{"name":"(anonymous_36)","decl":{"start":{"line":485,"column":72},"end":{"line":485,"column":73}},"loc":{"start":{"line":485,"column":114},"end":{"line":485,"column":135}},"line":485}},"branchMap":{"0":{"loc":{"start":{"line":24,"column":4},"end":{"line":24,"column":null}},"type":"if","locations":[{"start":{"line":24,"column":4},"end":{"line":24,"column":null}},{"start":{},"end":{}}],"line":24},"1":{"loc":{"start":{"line":26,"column":21},"end":{"line":26,"column":null}},"type":"binary-expr","locations":[{"start":{"line":26,"column":21},"end":{"line":26,"column":39}},{"start":{"line":26,"column":39},"end":{"line":26,"column":null}}],"line":26},"2":{"loc":{"start":{"line":27,"column":4},"end":{"line":27,"column":null}},"type":"if","locations":[{"start":{"line":27,"column":4},"end":{"line":27,"column":null}},{"start":{},"end":{}}],"line":27},"3":{"loc":{"start":{"line":28,"column":4},"end":{"line":31,"column":null}},"type":"if","locations":[{"start":{"line":28,"column":4},"end":{"line":31,"column":null}},{"start":{},"end":{}}],"line":28},"4":{"loc":{"start":{"line":46,"column":31},"end":{"line":46,"column":null}},"type":"binary-expr","locations":[{"start":{"line":46,"column":31},"end":{"line":46,"column":48}},{"start":{"line":46,"column":48},"end":{"line":46,"column":null}}],"line":46},"5":{"loc":{"start":{"line":48,"column":24},"end":{"line":48,"column":null}},"type":"binary-expr","locations":[{"start":{"line":48,"column":24},"end":{"line":48,"column":43}},{"start":{"line":48,"column":43},"end":{"line":48,"column":null}}],"line":48},"6":{"loc":{"start":{"line":77,"column":4},"end":{"line":79,"column":null}},"type":"if","locations":[{"start":{"line":77,"column":4},"end":{"line":79,"column":null}},{"start":{},"end":{}}],"line":77},"7":{"loc":{"start":{"line":80,"column":20},"end":{"line":80,"column":null}},"type":"cond-expr","locations":[{"start":{"line":80,"column":41},"end":{"line":80,"column":83}},{"start":{"line":80,"column":83},"end":{"line":80,"column":null}}],"line":80},"8":{"loc":{"start":{"line":81,"column":4},"end":{"line":83,"column":null}},"type":"if","locations":[{"start":{"line":81,"column":4},"end":{"line":83,"column":null}},{"start":{},"end":{}}],"line":81},"9":{"loc":{"start":{"line":81,"column":8},"end":{"line":81,"column":39}},"type":"binary-expr","locations":[{"start":{"line":81,"column":8},"end":{"line":81,"column":30}},{"start":{"line":81,"column":30},"end":{"line":81,"column":39}}],"line":81},"10":{"loc":{"start":{"line":104,"column":16},"end":{"line":104,"column":null}},"type":"binary-expr","locations":[{"start":{"line":104,"column":16},"end":{"line":104,"column":32}},{"start":{"line":104,"column":32},"end":{"line":104,"column":null}}],"line":104},"11":{"loc":{"start":{"line":105,"column":26},"end":{"line":105,"column":null}},"type":"binary-expr","locations":[{"start":{"line":105,"column":26},"end":{"line":105,"column":46}},{"start":{"line":105,"column":46},"end":{"line":105,"column":null}}],"line":105},"12":{"loc":{"start":{"line":107,"column":4},"end":{"line":107,"column":null}},"type":"if","locations":[{"start":{"line":107,"column":4},"end":{"line":107,"column":null}},{"start":{},"end":{}}],"line":107},"13":{"loc":{"start":{"line":112,"column":16},"end":{"line":112,"column":null}},"type":"binary-expr","locations":[{"start":{"line":112,"column":16},"end":{"line":112,"column":32}},{"start":{"line":112,"column":32},"end":{"line":112,"column":null}}],"line":112},"14":{"loc":{"start":{"line":113,"column":26},"end":{"line":113,"column":null}},"type":"binary-expr","locations":[{"start":{"line":113,"column":26},"end":{"line":113,"column":46}},{"start":{"line":113,"column":46},"end":{"line":113,"column":null}}],"line":113},"15":{"loc":{"start":{"line":115,"column":4},"end":{"line":115,"column":null}},"type":"if","locations":[{"start":{"line":115,"column":4},"end":{"line":115,"column":null}},{"start":{},"end":{}}],"line":115},"16":{"loc":{"start":{"line":120,"column":4},"end":{"line":126,"column":null}},"type":"if","locations":[{"start":{"line":120,"column":4},"end":{"line":126,"column":null}},{"start":{},"end":{}}],"line":120},"17":{"loc":{"start":{"line":124,"column":12},"end":{"line":124,"column":null}},"type":"if","locations":[{"start":{"line":124,"column":12},"end":{"line":124,"column":null}},{"start":{},"end":{}}],"line":124},"18":{"loc":{"start":{"line":128,"column":4},"end":{"line":153,"column":null}},"type":"if","locations":[{"start":{"line":128,"column":4},"end":{"line":153,"column":null}},{"start":{},"end":{}}],"line":128},"19":{"loc":{"start":{"line":142,"column":20},"end":{"line":142,"column":null}},"type":"if","locations":[{"start":{"line":142,"column":20},"end":{"line":142,"column":null}},{"start":{},"end":{}}],"line":142},"20":{"loc":{"start":{"line":146,"column":31},"end":{"line":146,"column":null}},"type":"cond-expr","locations":[{"start":{"line":146,"column":68},"end":{"line":146,"column":79}},{"start":{"line":146,"column":79},"end":{"line":146,"column":null}}],"line":146},"21":{"loc":{"start":{"line":149,"column":26},"end":{"line":149,"column":null}},"type":"cond-expr","locations":[{"start":{"line":149,"column":62},"end":{"line":149,"column":78}},{"start":{"line":149,"column":78},"end":{"line":149,"column":null}}],"line":149},"22":{"loc":{"start":{"line":152,"column":8},"end":{"line":152,"column":null}},"type":"if","locations":[{"start":{"line":152,"column":8},"end":{"line":152,"column":null}},{"start":{},"end":{}}],"line":152},"23":{"loc":{"start":{"line":155,"column":24},"end":{"line":155,"column":56}},"type":"binary-expr","locations":[{"start":{"line":155,"column":24},"end":{"line":155,"column":35}},{"start":{"line":155,"column":35},"end":{"line":155,"column":52}},{"start":{"line":155,"column":52},"end":{"line":155,"column":56}}],"line":155},"24":{"loc":{"start":{"line":179,"column":19},"end":{"line":179,"column":null}},"type":"binary-expr","locations":[{"start":{"line":179,"column":19},"end":{"line":179,"column":37}},{"start":{"line":179,"column":37},"end":{"line":179,"column":null}}],"line":179},"25":{"loc":{"start":{"line":201,"column":4},"end":{"line":204,"column":null}},"type":"if","locations":[{"start":{"line":201,"column":4},"end":{"line":204,"column":null}},{"start":{},"end":{}}],"line":201},"26":{"loc":{"start":{"line":217,"column":4},"end":{"line":217,"column":null}},"type":"if","locations":[{"start":{"line":217,"column":4},"end":{"line":217,"column":null}},{"start":{},"end":{}}],"line":217},"27":{"loc":{"start":{"line":225,"column":8},"end":{"line":229,"column":null}},"type":"if","locations":[{"start":{"line":225,"column":8},"end":{"line":229,"column":null}},{"start":{},"end":{}}],"line":225},"28":{"loc":{"start":{"line":234,"column":4},"end":{"line":242,"column":null}},"type":"if","locations":[{"start":{"line":234,"column":4},"end":{"line":242,"column":null}},{"start":{},"end":{}}],"line":234},"29":{"loc":{"start":{"line":238,"column":12},"end":{"line":238,"column":null}},"type":"if","locations":[{"start":{"line":238,"column":12},"end":{"line":238,"column":null}},{"start":{},"end":{}}],"line":238},"30":{"loc":{"start":{"line":246,"column":22},"end":{"line":246,"column":null}},"type":"cond-expr","locations":[{"start":{"line":246,"column":41},"end":{"line":246,"column":57}},{"start":{"line":246,"column":57},"end":{"line":246,"column":null}}],"line":246},"31":{"loc":{"start":{"line":248,"column":23},"end":{"line":248,"column":null}},"type":"cond-expr","locations":[{"start":{"line":248,"column":41},"end":{"line":248,"column":49}},{"start":{"line":248,"column":49},"end":{"line":248,"column":null}}],"line":248},"32":{"loc":{"start":{"line":251,"column":94},"end":{"line":251,"column":114}},"type":"binary-expr","locations":[{"start":{"line":251,"column":94},"end":{"line":251,"column":109}},{"start":{"line":251,"column":109},"end":{"line":251,"column":114}}],"line":251},"33":{"loc":{"start":{"line":303,"column":20},"end":{"line":303,"column":null}},"type":"binary-expr","locations":[{"start":{"line":303,"column":20},"end":{"line":303,"column":42}},{"start":{"line":303,"column":42},"end":{"line":303,"column":null}}],"line":303},"34":{"loc":{"start":{"line":304,"column":15},"end":{"line":304,"column":null}},"type":"binary-expr","locations":[{"start":{"line":304,"column":15},"end":{"line":304,"column":32}},{"start":{"line":304,"column":32},"end":{"line":304,"column":null}}],"line":304},"35":{"loc":{"start":{"line":308,"column":4},"end":{"line":308,"column":null}},"type":"if","locations":[{"start":{"line":308,"column":4},"end":{"line":308,"column":null}},{"start":{},"end":{}}],"line":308},"36":{"loc":{"start":{"line":316,"column":4},"end":{"line":331,"column":null}},"type":"if","locations":[{"start":{"line":316,"column":4},"end":{"line":331,"column":null}},{"start":{},"end":{}}],"line":316},"37":{"loc":{"start":{"line":318,"column":12},"end":{"line":318,"column":null}},"type":"if","locations":[{"start":{"line":318,"column":12},"end":{"line":318,"column":null}},{"start":{},"end":{}}],"line":318},"38":{"loc":{"start":{"line":323,"column":8},"end":{"line":330,"column":null}},"type":"if","locations":[{"start":{"line":323,"column":8},"end":{"line":330,"column":null}},{"start":{},"end":{}}],"line":323},"39":{"loc":{"start":{"line":356,"column":4},"end":{"line":356,"column":null}},"type":"if","locations":[{"start":{"line":356,"column":4},"end":{"line":356,"column":null}},{"start":{},"end":{}}],"line":356},"40":{"loc":{"start":{"line":361,"column":4},"end":{"line":400,"column":null}},"type":"if","locations":[{"start":{"line":361,"column":4},"end":{"line":400,"column":null}},{"start":{},"end":{}}],"line":361},"41":{"loc":{"start":{"line":363,"column":8},"end":{"line":368,"column":null}},"type":"if","locations":[{"start":{"line":363,"column":8},"end":{"line":368,"column":null}},{"start":{},"end":{}}],"line":363},"42":{"loc":{"start":{"line":369,"column":8},"end":{"line":395,"column":null}},"type":"if","locations":[{"start":{"line":369,"column":8},"end":{"line":395,"column":null}},{"start":{"line":387,"column":15},"end":{"line":395,"column":null}}],"line":369},"43":{"loc":{"start":{"line":372,"column":16},"end":{"line":382,"column":null}},"type":"if","locations":[{"start":{"line":372,"column":16},"end":{"line":382,"column":null}},{"start":{"line":380,"column":23},"end":{"line":382,"column":null}}],"line":372},"44":{"loc":{"start":{"line":388,"column":12},"end":{"line":388,"column":null}},"type":"if","locations":[{"start":{"line":388,"column":12},"end":{"line":388,"column":null}},{"start":{},"end":{}}],"line":388},"45":{"loc":{"start":{"line":396,"column":8},"end":{"line":398,"column":null}},"type":"if","locations":[{"start":{"line":396,"column":8},"end":{"line":398,"column":null}},{"start":{},"end":{}}],"line":396},"46":{"loc":{"start":{"line":414,"column":19},"end":{"line":414,"column":null}},"type":"binary-expr","locations":[{"start":{"line":414,"column":19},"end":{"line":414,"column":37}},{"start":{"line":414,"column":37},"end":{"line":414,"column":null}}],"line":414},"47":{"loc":{"start":{"line":441,"column":4},"end":{"line":441,"column":null}},"type":"if","locations":[{"start":{"line":441,"column":4},"end":{"line":441,"column":null}},{"start":{},"end":{}}],"line":441},"48":{"loc":{"start":{"line":444,"column":4},"end":{"line":444,"column":null}},"type":"if","locations":[{"start":{"line":444,"column":4},"end":{"line":444,"column":null}},{"start":{},"end":{}}],"line":444},"49":{"loc":{"start":{"line":450,"column":4},"end":{"line":471,"column":null}},"type":"if","locations":[{"start":{"line":450,"column":4},"end":{"line":471,"column":null}},{"start":{},"end":{}}],"line":450},"50":{"loc":{"start":{"line":453,"column":8},"end":{"line":466,"column":null}},"type":"if","locations":[{"start":{"line":453,"column":8},"end":{"line":466,"column":null}},{"start":{},"end":{}}],"line":453},"51":{"loc":{"start":{"line":467,"column":8},"end":{"line":469,"column":null}},"type":"if","locations":[{"start":{"line":467,"column":8},"end":{"line":469,"column":null}},{"start":{},"end":{}}],"line":467},"52":{"loc":{"start":{"line":480,"column":4},"end":{"line":489,"column":null}},"type":"if","locations":[{"start":{"line":480,"column":4},"end":{"line":489,"column":null}},{"start":{},"end":{}}],"line":480}},"s":{"0":0,"1":0,"2":0,"3":0,"4":0,"5":0,"6":0,"7":0,"8":0,"9":0,"10":0,"11":0,"12":0,"13":0,"14":0,"15":0,"16":0,"17":0,"18":0,"19":0,"20":0,"21":0,"22":0,"23":0,"24":0,"25":0,"26":0,"27":0,"28":0,"29":0,"30":0,"31":0,"32":0,"33":0,"34":0,"35":0,"36":0,"37":0,"38":0,"39":0,"40":0,"41":0,"42":0,"43":0,"44":0,"45":0,"46":0,"47":0,"48":0,"49":0,"50":0,"51":0,"52":0,"53":0,"54":0,"55":0,"56":0,"57":0,"58":0,"59":0,"60":0,"61":0,"62":0,"63":0,"64":0,"65":0,"66":0,"67":0,"68":0,"69":0,"70":0,"71":0,"72":0,"73":0,"74":0,"75":0,"76":0,"77":0,"78":0,"79":0,"80":0,"81":0,"82":0,"83":0,"84":0,"85":0,"86":0,"87":0,"88":0,"89":0,"90":0,"91":0,"92":0,"93":0,"94":0,"95":0,"96":0,"97":0,"98":0,"99":0,"100":0,"101":0,"102":0,"103":0,"104":0,"105":0,"106":0,"107":0,"108":0,"109":0,"110":0,"111":0,"112":0,"113":0,"114":0,"115":0,"116":0,"117":0,"118":0,"119":0,"120":0,"121":0,"122":0,"123":0,"124":0,"125":0,"126":0,"127":0,"128":0,"129":0,"130":0,"131":0,"132":0,"133":0,"134":0,"135":0,"136":0,"137":0,"138":0,"139":0,"140":0,"141":0,"142":0,"143":0,"144":0,"145":0,"146":0,"147":0,"148":0,"149":0,"150":0,"151":0,"152":0,"153":0,"154":0,"155":0,"156":0,"157":0,"158":0,"159":0,"160":0,"161":0,"162":0,"163":0,"164":0,"165":0,"166":0,"167":0,"168":0,"169":0,"170":0,"171":0,"172":0,"173":0,"174":0,"175":0,"176":0,"177":0,"178":0,"179":0,"180":0,"181":0,"182":0,"183":0,"184":0,"185":0,"186":0,"187":0,"188":0,"189":0,"190":0,"191":0,"192":0,"193":0,"194":0,"195":0,"196":0,"197":0,"198":0,"199":0,"200":0,"201":0,"202":0,"203":0,"204":0,"205":0},"f":{"0":0,"1":0,"2":0,"3":0,"4":0,"5":0,"6":0,"7":0,"8":0,"9":0,"10":0,"11":0,"12":0,"13":0,"14":0,"15":0,"16":0,"17":0,"18":0,"19":0,"20":0,"21":0,"22":0,"23":0,"24":0,"25":0,"26":0,"27":0,"28":0,"29":0,"30":0,"31":0,"32":0,"33":0,"34":0,"35":0,"36":0},"b":{"0":[0,0],"1":[0,0],"2":[0,0],"3":[0,0],"4":[0,0],"5":[0,0],"6":[0,0],"7":[0,0],"8":[0,0],"9":[0,0],"10":[0,0],"11":[0,0],"12":[0,0],"13":[0,0],"14":[0,0],"15":[0,0],"16":[0,0],"17":[0,0],"18":[0,0],"19":[0,0],"20":[0,0],"21":[0,0],"22":[0,0],"23":[0,0,0],"24":[0,0],"25":[0,0],"26":[0,0],"27":[0,0],"28":[0,0],"29":[0,0],"30":[0,0],"31":[0,0],"32":[0,0],"33":[0,0],"34":[0,0],"35":[0,0],"36":[0,0],"37":[0,0],"38":[0,0],"39":[0,0],"40":[0,0],"41":[0,0],"42":[0,0],"43":[0,0],"44":[0,0],"45":[0,0],"46":[0,0],"47":[0,0],"48":[0,0],"49":[0,0],"50":[0,0],"51":[0,0],"52":[0,0]},"meta":{"lastBranch":53,"lastFunction":37,"lastStatement":206,"seen":{"f:17:16:17:34":0,"s:23:18:23:Infinity":0,"b:24:4:24:Infinity:undefined:undefined:undefined:undefined":0,"s:24:4:24:Infinity":1,"s:24:23:24:Infinity":2,"s:25:4:25:Infinity":3,"s:26:4:26:Infinity":4,"b:26:21:26:39:26:39:26:Infinity":1,"b:27:4:27:Infinity:undefined:undefined:undefined:undefined":2,"s:27:4:27:Infinity":5,"s:27:24:27:Infinity":6,"b:28:4:31:Infinity:undefined:undefined:undefined:undefined":3,"s:28:4:31:Infinity":7,"s:29:24:29:Infinity":8,"s:30:8:30:Infinity":9,"s:32:4:32:Infinity":10,"f:44:16:44:36":1,"s:45:20:45:Infinity":11,"s:46:4:46:Infinity":12,"b:46:31:46:48:46:48:46:Infinity":4,"s:47:4:47:Infinity":13,"s:48:4:48:Infinity":14,"b:48:24:48:43:48:43:48:Infinity":5,"s:49:4:49:Infinity":15,"s:50:4:50:Infinity":16,"f:69:16:69:35":2,"s:70:18:70:Infinity":17,"s:71:19:75:Infinity":18,"s:76:4:76:Infinity":19,"b:77:4:79:Infinity:undefined:undefined:undefined:undefined":6,"s:77:4:79:Infinity":20,"s:78:8:78:Infinity":21,"s:80:20:80:Infinity":22,"b:80:41:80:83:80:83:80:Infinity":7,"b:81:4:83:Infinity:undefined:undefined:undefined:undefined":8,"s:81:4:83:Infinity":23,"b:81:8:81:30:81:30:81:39":9,"s:82:8:82:Infinity":24,"s:84:4:84:Infinity":25,"s:85:4:85:Infinity":26,"f:102:16:102:38":3,"s:103:22:106:Infinity":27,"b:104:16:104:32:104:32:104:Infinity":10,"b:105:26:105:46:105:46:105:Infinity":11,"b:107:4:107:Infinity:undefined:undefined:undefined:undefined":12,"s:107:4:107:Infinity":28,"s:107:24:107:Infinity":29,"s:108:4:108:Infinity":30,"f:110:16:110:49":4,"s:111:22:114:Infinity":31,"b:112:16:112:32:112:32:112:Infinity":13,"b:113:26:113:46:113:46:113:Infinity":14,"b:115:4:115:Infinity:undefined:undefined:undefined:undefined":15,"s:115:4:115:Infinity":32,"s:115:24:115:Infinity":33,"s:117:48:117:Infinity":34,"s:118:50:118:Infinity":35,"b:120:4:126:Infinity:undefined:undefined:undefined:undefined":16,"s:120:4:126:Infinity":36,"s:121:8:125:Infinity":37,"f:121:35:121:36":5,"s:122:40:122:Infinity":38,"s:123:12:123:Infinity":39,"b:124:12:124:Infinity:undefined:undefined:undefined:undefined":17,"s:124:12:124:Infinity":40,"s:124:25:124:Infinity":41,"b:128:4:153:Infinity:undefined:undefined:undefined:undefined":18,"s:128:4:153:Infinity":42,"s:129:22:129:Infinity":43,"s:130:25:130:Infinity":44,"s:131:25:131:Infinity":45,"s:132:23:132:Infinity":46,"s:133:23:133:Infinity":47,"s:134:53:148:Infinity":48,"f:139:21:139:33":6,"s:140:32:140:Infinity":49,"s:141:16:144:Infinity":50,"f:141:69:141:70":7,"b:142:20:142:Infinity:undefined:undefined:undefined:undefined":19,"s:142:20:142:Infinity":51,"s:142:43:142:Infinity":52,"s:143:20:143:Infinity":53,"s:145:33:145:Infinity":54,"s:146:16:146:Infinity":55,"b:146:68:146:79:146:79:146:Infinity":20,"f:146:49:146:50":8,"s:146:56:146:64":56,"s:149:26:149:Infinity":57,"b:149:62:149:78:149:78:149:Infinity":21,"s:150:53:150:Infinity":58,"s:151:8:151:Infinity":59,"b:152:8:152:Infinity:undefined:undefined:undefined:undefined":22,"s:152:8:152:Infinity":60,"s:152:20:152:Infinity":61,"s:155:4:155:Infinity":62,"b:155:24:155:35:155:35:155:52:155:52:155:56":23,"s:156:4:156:Infinity":63,"f:158:16:158:40":9,"s:159:18:159:Infinity":64,"s:160:4:160:Infinity":65,"s:161:4:161:Infinity":66,"s:162:20:162:Infinity":67,"s:163:4:163:Infinity":68,"s:164:4:164:Infinity":69,"f:174:16:174:40":10,"s:175:18:180:Infinity":70,"b:179:19:179:37:179:37:179:Infinity":24,"s:181:19:181:Infinity":71,"s:182:4:182:Infinity":72,"f:182:50:182:62":11,"s:182:62:182:99":73,"s:183:4:183:Infinity":74,"s:184:4:184:Infinity":75,"f:188:16:188:Infinity":12,"s:193:18:199:Infinity":76,"b:201:4:204:Infinity:undefined:undefined:undefined:undefined":25,"s:201:4:204:Infinity":77,"s:202:23:202:Infinity":78,"s:203:8:203:Infinity":79,"s:206:4:206:Infinity":80,"s:207:4:207:Infinity":81,"f:216:16:216:34":13,"b:217:4:217:Infinity:undefined:undefined:undefined:undefined":26,"s:217:4:217:Infinity":82,"s:217:28:217:Infinity":83,"s:220:20:220:Infinity":84,"s:223:52:223:Infinity":85,"s:224:4:231:Infinity":86,"f:224:23:224:24":14,"b:225:8:229:Infinity:undefined:undefined:undefined:undefined":27,"s:225:8:229:Infinity":87,"s:226:12:228:Infinity":88,"s:230:8:230:Infinity":89,"b:234:4:242:Infinity:undefined:undefined:undefined:undefined":28,"s:234:4:242:Infinity":90,"s:235:26:235:Infinity":91,"s:236:8:241:Infinity":92,"f:236:27:236:28":15,"s:237:24:237:Infinity":93,"b:238:12:238:Infinity:undefined:undefined:undefined:undefined":29,"s:238:12:238:Infinity":94,"s:238:22:238:Infinity":95,"s:239:12:239:Infinity":96,"s:240:12:240:Infinity":97,"s:246:22:246:Infinity":98,"b:246:41:246:57:246:57:246:Infinity":30,"s:247:4:253:Infinity":99,"f:247:21:247:22":16,"s:248:23:248:Infinity":100,"b:248:41:248:49:248:49:248:Infinity":31,"s:249:20:249:Infinity":101,"s:250:8:252:Infinity":102,"f:250:21:250:22":17,"s:251:12:251:Infinity":103,"b:251:94:251:109:251:109:251:114":32,"s:256:16:256:Infinity":104,"s:257:4:257:Infinity":105,"s:258:4:258:Infinity":106,"f:263:16:263:35":18,"s:266:18:266:Infinity":107,"s:267:16:273:Infinity":108,"s:275:19:281:Infinity":109,"s:284:4:287:Infinity":110,"f:284:34:284:40":19,"s:285:8:285:Infinity":111,"s:286:8:286:Infinity":112,"s:289:4:292:Infinity":113,"s:294:4:294:Infinity":114,"f:300:9:300:28":20,"s:301:16:305:Infinity":115,"b:303:20:303:42:303:42:303:Infinity":33,"b:304:15:304:32:304:32:304:Infinity":34,"s:306:4:306:Infinity":116,"s:307:4:307:Infinity":117,"b:308:4:308:Infinity:undefined:undefined:undefined:undefined":35,"s:308:4:308:Infinity":118,"s:308:14:308:Infinity":119,"s:309:4:309:Infinity":120,"f:311:16:311:34":21,"s:315:48:315:Infinity":121,"b:316:4:331:Infinity:undefined:undefined:undefined:undefined":36,"s:316:4:331:Infinity":122,"s:317:8:322:Infinity":123,"f:317:39:317:40":22,"b:318:12:318:Infinity:undefined:undefined:undefined:undefined":37,"s:318:12:318:Infinity":124,"s:318:47:318:Infinity":125,"s:319:24:319:Infinity":126,"s:320:12:320:Infinity":127,"f:320:42:320:48":23,"s:320:48:320:74":128,"s:321:12:321:Infinity":129,"b:323:8:330:Infinity:undefined:undefined:undefined:undefined":38,"s:323:8:330:Infinity":130,"s:324:27:324:Infinity":131,"s:325:12:328:Infinity":132,"f:325:45:325:51":24,"s:326:31:326:Infinity":133,"f:326:58:326:63":25,"s:326:63:326:71":134,"s:327:16:327:Infinity":135,"s:329:12:329:Infinity":136,"s:332:4:332:Infinity":137,"f:351:22:351:41":26,"s:352:16:355:Infinity":138,"b:356:4:356:Infinity:undefined:undefined:undefined:undefined":39,"s:356:4:356:Infinity":139,"s:356:24:356:Infinity":140,"s:357:4:357:Infinity":141,"f:357:48:357:54":27,"s:357:54:357:82":142,"s:359:50:359:Infinity":143,"b:361:4:400:Infinity:undefined:undefined:undefined:undefined":40,"s:361:4:400:Infinity":144,"b:363:8:368:Infinity:undefined:undefined:undefined:undefined":41,"s:363:8:368:Infinity":145,"s:364:12:367:Infinity":146,"b:369:8:395:Infinity:387:15:395:Infinity":42,"s:369:8:395:Infinity":147,"s:370:12:386:Infinity":148,"s:371:29:371:Infinity":149,"f:371:71:371:76":28,"s:371:76:371:84":150,"b:372:16:382:Infinity:380:23:382:Infinity":43,"s:372:16:382:Infinity":151,"s:373:33:373:Infinity":152,"s:374:20:379:Infinity":153,"s:375:24:378:Infinity":154,"s:381:20:381:Infinity":155,"s:385:16:385:Infinity":156,"b:388:12:388:Infinity:undefined:undefined:undefined:undefined":44,"s:388:12:388:Infinity":157,"s:388:39:388:Infinity":158,"s:389:12:394:Infinity":159,"s:390:16:393:Infinity":160,"b:396:8:398:Infinity:undefined:undefined:undefined:undefined":45,"s:396:8:398:Infinity":161,"s:397:12:397:Infinity":162,"s:399:8:399:Infinity":163,"s:401:4:401:Infinity":164,"f:410:22:410:46":29,"s:411:18:415:Infinity":165,"b:414:19:414:37:414:37:414:Infinity":46,"s:416:16:416:Infinity":166,"s:417:4:417:Infinity":167,"s:418:4:418:Infinity":168,"f:436:22:436:43":30,"s:437:17:440:Infinity":169,"b:441:4:441:Infinity:undefined:undefined:undefined:undefined":47,"s:441:4:441:Infinity":170,"s:441:24:441:Infinity":171,"s:443:16:443:Infinity":172,"b:444:4:444:Infinity:undefined:undefined:undefined:undefined":48,"s:444:4:444:Infinity":173,"s:444:20:444:Infinity":174,"s:445:22:448:Infinity":175,"b:450:4:471:Infinity:undefined:undefined:undefined:undefined":49,"s:450:4:471:Infinity":176,"s:451:58:451:Infinity":177,"b:453:8:466:Infinity:undefined:undefined:undefined:undefined":50,"s:453:8:466:Infinity":178,"s:454:12:465:Infinity":179,"s:455:29:455:Infinity":180,"f:455:71:455:76":31,"s:455:76:455:84":181,"s:456:29:456:Infinity":182,"s:457:16:462:Infinity":183,"s:458:20:461:Infinity":184,"s:464:16:464:Infinity":185,"b:467:8:469:Infinity:undefined:undefined:undefined:undefined":51,"s:467:8:469:Infinity":186,"s:468:12:468:Infinity":187,"s:470:8:470:Infinity":188,"s:472:4:478:Infinity":189,"f:472:51:472:57":32,"s:473:21:475:Infinity":190,"f:474:20:474:21":33,"s:474:32:474:42":191,"f:475:17:475:18":34,"s:475:29:475:42":192,"s:476:8:476:Infinity":193,"s:477:8:477:Infinity":194,"b:480:4:489:Infinity:undefined:undefined:undefined:undefined":52,"s:480:4:489:Infinity":195,"s:481:25:481:Infinity":196,"s:482:8:482:Infinity":197,"s:483:8:483:Infinity":198,"s:484:8:487:Infinity":199,"f:484:43:484:49":35,"s:485:12:485:Infinity":200,"f:485:72:485:73":36,"s:485:114:485:135":201,"s:486:12:486:Infinity":202,"s:488:8:488:Infinity":203,"s:491:4:491:Infinity":204,"s:492:4:492:Infinity":205}}}
,"/Users/jdeto/dev/mrp/stl-transit/www/src/data.ts": {"path":"/Users/jdeto/dev/mrp/stl-transit/www/src/data.ts","statementMap":{"0":{"start":{"line":4,"column":23},"end":{"line":4,"column":null}},"1":{"start":{"line":5,"column":22},"end":{"line":5,"column":null}},"2":{"start":{"line":6,"column":25},"end":{"line":12,"column":null}},"3":{"start":{"line":14,"column":32},"end":{"line":14,"column":null}},"4":{"start":{"line":15,"column":32},"end":{"line":15,"column":null}},"5":{"start":{"line":17,"column":34},"end":{"line":17,"column":null}},"6":{"start":{"line":18,"column":34},"end":{"line":18,"column":null}},"7":{"start":{"line":20,"column":28},"end":{"line":20,"column":null}},"8":{"start":{"line":21,"column":28},"end":{"line":21,"column":null}},"9":{"start":{"line":23,"column":29},"end":{"line":23,"column":null}},"10":{"start":{"line":24,"column":29},"end":{"line":24,"column":null}},"11":{"start":{"line":26,"column":31},"end":{"line":26,"column":null}},"12":{"start":{"line":27,"column":31},"end":{"line":27,"column":null}},"13":{"start":{"line":30,"column":6},"end":{"line":30,"column":null}},"14":{"start":{"line":31,"column":6},"end":{"line":31,"column":null}},"15":{"start":{"line":32,"column":6},"end":{"line":32,"column":null}},"16":{"start":{"line":33,"column":6},"end":{"line":33,"column":null}},"17":{"start":{"line":34,"column":6},"end":{"line":34,"column":null}},"18":{"start":{"line":35,"column":90},"end":{"line":42,"column":null}},"19":{"start":{"line":47,"column":52},"end":{"line":70,"column":null}},"20":{"start":{"line":73,"column":28},"end":{"line":73,"column":null}},"21":{"start":{"line":74,"column":27},"end":{"line":74,"column":null}},"22":{"start":{"line":77,"column":50},"end":{"line":83,"column":null}},"23":{"start":{"line":85,"column":26},"end":{"line":85,"column":null}},"24":{"start":{"line":87,"column":26},"end":{"line":92,"column":null}},"25":{"start":{"line":88,"column":4},"end":{"line":91,"column":null}},"26":{"start":{"line":88,"column":37},"end":{"line":88,"column":63}},"27":{"start":{"line":88,"column":91},"end":{"line":91,"column":6}},"28":{"start":{"line":94,"column":54},"end":{"line":101,"column":null}},"29":{"start":{"line":102,"column":32},"end":{"line":102,"column":null}},"30":{"start":{"line":104,"column":54},"end":{"line":112,"column":null}},"31":{"start":{"line":114,"column":32},"end":{"line":116,"column":null}},"32":{"start":{"line":118,"column":53},"end":{"line":135,"column":null}},"33":{"start":{"line":137,"column":31},"end":{"line":139,"column":null}},"34":{"start":{"line":141,"column":55},"end":{"line":157,"column":null}},"35":{"start":{"line":159,"column":33},"end":{"line":160,"column":null}},"36":{"start":{"line":162,"column":57},"end":{"line":173,"column":null}},"37":{"start":{"line":174,"column":35},"end":{"line":174,"column":null}},"38":{"start":{"line":176,"column":56},"end":{"line":181,"column":null}},"39":{"start":{"line":182,"column":34},"end":{"line":182,"column":null}},"40":{"start":{"line":184,"column":55},"end":{"line":188,"column":null}},"41":{"start":{"line":189,"column":33},"end":{"line":189,"column":null}}},"fnMap":{"0":{"name":"(anonymous_0)","decl":{"start":{"line":87,"column":26},"end":{"line":87,"column":27}},"loc":{"start":{"line":87,"column":103},"end":{"line":92,"column":null}},"line":87},"1":{"name":"(anonymous_1)","decl":{"start":{"line":88,"column":30},"end":{"line":88,"column":31}},"loc":{"start":{"line":88,"column":37},"end":{"line":88,"column":63}},"line":88},"2":{"name":"(anonymous_2)","decl":{"start":{"line":88,"column":69},"end":{"line":88,"column":70}},"loc":{"start":{"line":88,"column":91},"end":{"line":91,"column":6}},"line":88}},"branchMap":{},"s":{"0":2,"1":2,"2":2,"3":2,"4":2,"5":2,"6":2,"7":2,"8":2,"9":2,"10":2,"11":2,"12":2,"13":2,"14":2,"15":2,"16":2,"17":2,"18":2,"19":2,"20":2,"21":2,"22":2,"23":2,"24":2,"25":19,"26":157,"27":106,"28":2,"29":2,"30":2,"31":2,"32":2,"33":2,"34":2,"35":2,"36":2,"37":2,"38":2,"39":2,"40":2,"41":2},"f":{"0":19,"1":157,"2":106},"b":{},"meta":{"lastBranch":0,"lastFunction":3,"lastStatement":42,"seen":{"s:4:23:4:Infinity":0,"s:5:22:5:Infinity":1,"s:6:25:12:Infinity":2,"s:14:32:14:Infinity":3,"s:15:32:15:Infinity":4,"s:17:34:17:Infinity":5,"s:18:34:18:Infinity":6,"s:20:28:20:Infinity":7,"s:21:28:21:Infinity":8,"s:23:29:23:Infinity":9,"s:24:29:24:Infinity":10,"s:26:31:26:Infinity":11,"s:27:31:27:Infinity":12,"s:30:6:30:Infinity":13,"s:31:6:31:Infinity":14,"s:32:6:32:Infinity":15,"s:33:6:33:Infinity":16,"s:34:6:34:Infinity":17,"s:35:90:42:Infinity":18,"s:47:52:70:Infinity":19,"s:73:28:73:Infinity":20,"s:74:27:74:Infinity":21,"s:77:50:83:Infinity":22,"s:85:26:85:Infinity":23,"s:87:26:92:Infinity":24,"f:87:26:87:27":0,"s:88:4:91:Infinity":25,"f:88:30:88:31":1,"s:88:37:88:63":26,"f:88:69:88:70":2,"s:88:91:91:6":27,"s:94:54:101:Infinity":28,"s:102:32:102:Infinity":29,"s:104:54:112:Infinity":30,"s:114:32:116:Infinity":31,"s:118:53:135:Infinity":32,"s:137:31:139:Infinity":33,"s:141:55:157:Infinity":34,"s:159:33:160:Infinity":35,"s:162:57:173:Infinity":36,"s:174:35:174:Infinity":37,"s:176:56:181:Infinity":38,"s:182:34:182:Infinity":39,"s:184:55:188:Infinity":40,"s:189:33:189:Infinity":41}}}
,"/Users/jdeto/dev/mrp/stl-transit/www/src/layers.ts": {"path":"/Users/jdeto/dev/mrp/stl-transit/www/src/layers.ts","statementMap":{"0":{"start":{"line":35,"column":29},"end":{"line":35,"column":null}},"1":{"start":{"line":36,"column":25},"end":{"line":36,"column":null}},"2":{"start":{"line":37,"column":26},"end":{"line":37,"column":null}},"3":{"start":{"line":38,"column":26},"end":{"line":38,"column":null}},"4":{"start":{"line":39,"column":21},"end":{"line":39,"column":null}},"5":{"start":{"line":40,"column":25},"end":{"line":40,"column":null}},"6":{"start":{"line":41,"column":33},"end":{"line":41,"column":null}},"7":{"start":{"line":42,"column":34},"end":{"line":42,"column":null}},"8":{"start":{"line":43,"column":32},"end":{"line":43,"column":null}},"9":{"start":{"line":44,"column":25},"end":{"line":44,"column":null}},"10":{"start":{"line":45,"column":28},"end":{"line":45,"column":null}},"11":{"start":{"line":46,"column":20},"end":{"line":46,"column":null}},"12":{"start":{"line":47,"column":18},"end":{"line":47,"column":null}},"13":{"start":{"line":48,"column":21},"end":{"line":48,"column":null}},"14":{"start":{"line":49,"column":21},"end":{"line":49,"column":null}},"15":{"start":{"line":50,"column":18},"end":{"line":50,"column":null}},"16":{"start":{"line":51,"column":21},"end":{"line":51,"column":null}},"17":{"start":{"line":52,"column":18},"end":{"line":52,"column":null}},"18":{"start":{"line":53,"column":31},"end":{"line":53,"column":null}},"19":{"start":{"line":54,"column":30},"end":{"line":54,"column":null}},"20":{"start":{"line":55,"column":29},"end":{"line":55,"column":null}},"21":{"start":{"line":56,"column":19},"end":{"line":62,"column":null}},"22":{"start":{"line":65,"column":31},"end":{"line":76,"column":null}},"23":{"start":{"line":66,"column":4},"end":{"line":68,"column":null}},"24":{"start":{"line":67,"column":8},"end":{"line":67,"column":null}},"25":{"start":{"line":69,"column":38},"end":{"line":69,"column":null}},"26":{"start":{"line":71,"column":4},"end":{"line":74,"column":null}},"27":{"start":{"line":72,"column":8},"end":{"line":72,"column":null}},"28":{"start":{"line":72,"column":29},"end":{"line":72,"column":null}},"29":{"start":{"line":73,"column":8},"end":{"line":73,"column":null}},"30":{"start":{"line":75,"column":4},"end":{"line":75,"column":null}},"31":{"start":{"line":78,"column":27},"end":{"line":82,"column":null}},"32":{"start":{"line":79,"column":4},"end":{"line":81,"column":null}},"33":{"start":{"line":79,"column":41},"end":{"line":79,"column":62}},"34":{"start":{"line":83,"column":69},"end":{"line":89,"column":null}},"35":{"start":{"line":90,"column":39},"end":{"line":97,"column":null}},"36":{"start":{"line":99,"column":30},"end":{"line":139,"column":null}},"37":{"start":{"line":102,"column":24},"end":{"line":139,"column":null}},"38":{"start":{"line":116,"column":26},"end":{"line":116,"column":null}},"39":{"start":{"line":117,"column":24},"end":{"line":117,"column":null}},"40":{"start":{"line":118,"column":18},"end":{"line":118,"column":null}},"41":{"start":{"line":121,"column":24},"end":{"line":121,"column":null}},"42":{"start":{"line":124,"column":24},"end":{"line":124,"column":null}},"43":{"start":{"line":125,"column":12},"end":{"line":125,"column":null}},"44":{"start":{"line":126,"column":12},"end":{"line":126,"column":null}},"45":{"start":{"line":128,"column":12},"end":{"line":133,"column":null}},"46":{"start":{"line":129,"column":16},"end":{"line":129,"column":null}},"47":{"start":{"line":129,"column":48},"end":{"line":129,"column":null}},"48":{"start":{"line":130,"column":28},"end":{"line":130,"column":null}},"49":{"start":{"line":131,"column":16},"end":{"line":131,"column":null}},"50":{"start":{"line":132,"column":16},"end":{"line":132,"column":null}},"51":{"start":{"line":134,"column":12},"end":{"line":134,"column":null}},"52":{"start":{"line":136,"column":12},"end":{"line":136,"column":null}},"53":{"start":{"line":140,"column":34},"end":{"line":233,"column":null}},"54":{"start":{"line":143,"column":24},"end":{"line":233,"column":null}},"55":{"start":{"line":208,"column":26},"end":{"line":208,"column":null}},"56":{"start":{"line":209,"column":24},"end":{"line":209,"column":null}},"57":{"start":{"line":210,"column":39},"end":{"line":210,"column":null}},"58":{"start":{"line":211,"column":18},"end":{"line":211,"column":null}},"59":{"start":{"line":214,"column":24},"end":{"line":214,"column":null}},"60":{"start":{"line":217,"column":24},"end":{"line":217,"column":null}},"61":{"start":{"line":218,"column":12},"end":{"line":218,"column":null}},"62":{"start":{"line":219,"column":12},"end":{"line":219,"column":null}},"63":{"start":{"line":221,"column":12},"end":{"line":226,"column":null}},"64":{"start":{"line":222,"column":16},"end":{"line":222,"column":null}},"65":{"start":{"line":222,"column":49},"end":{"line":222,"column":null}},"66":{"start":{"line":223,"column":28},"end":{"line":223,"column":null}},"67":{"start":{"line":224,"column":16},"end":{"line":224,"column":null}},"68":{"start":{"line":225,"column":16},"end":{"line":225,"column":null}},"69":{"start":{"line":227,"column":12},"end":{"line":227,"column":null}},"70":{"start":{"line":229,"column":12},"end":{"line":229,"column":null}},"71":{"start":{"line":234,"column":33},"end":{"line":311,"column":null}},"72":{"start":{"line":237,"column":24},"end":{"line":311,"column":null}},"73":{"start":{"line":286,"column":26},"end":{"line":286,"column":null}},"74":{"start":{"line":287,"column":24},"end":{"line":287,"column":null}},"75":{"start":{"line":288,"column":39},"end":{"line":288,"column":null}},"76":{"start":{"line":289,"column":18},"end":{"line":289,"column":null}},"77":{"start":{"line":292,"column":24},"end":{"line":292,"column":null}},"78":{"start":{"line":295,"column":24},"end":{"line":295,"column":null}},"79":{"start":{"line":296,"column":12},"end":{"line":296,"column":null}},"80":{"start":{"line":297,"column":12},"end":{"line":297,"column":null}},"81":{"start":{"line":299,"column":12},"end":{"line":304,"column":null}},"82":{"start":{"line":300,"column":16},"end":{"line":300,"column":null}},"83":{"start":{"line":300,"column":49},"end":{"line":300,"column":null}},"84":{"start":{"line":301,"column":28},"end":{"line":301,"column":null}},"85":{"start":{"line":302,"column":16},"end":{"line":302,"column":null}},"86":{"start":{"line":303,"column":16},"end":{"line":303,"column":null}},"87":{"start":{"line":305,"column":12},"end":{"line":305,"column":null}},"88":{"start":{"line":307,"column":12},"end":{"line":307,"column":null}},"89":{"start":{"line":313,"column":31},"end":{"line":429,"column":null}},"90":{"start":{"line":316,"column":24},"end":{"line":429,"column":null}},"91":{"start":{"line":406,"column":26},"end":{"line":406,"column":null}},"92":{"start":{"line":407,"column":24},"end":{"line":407,"column":null}},"93":{"start":{"line":408,"column":39},"end":{"line":408,"column":null}},"94":{"start":{"line":409,"column":18},"end":{"line":409,"column":null}},"95":{"start":{"line":410,"column":24},"end":{"line":410,"column":null}},"96":{"start":{"line":413,"column":24},"end":{"line":413,"column":null}},"97":{"start":{"line":414,"column":12},"end":{"line":414,"column":null}},"98":{"start":{"line":415,"column":12},"end":{"line":415,"column":null}},"99":{"start":{"line":417,"column":12},"end":{"line":422,"column":null}},"100":{"start":{"line":418,"column":16},"end":{"line":418,"column":null}},"101":{"start":{"line":418,"column":46},"end":{"line":418,"column":null}},"102":{"start":{"line":419,"column":28},"end":{"line":419,"column":null}},"103":{"start":{"line":420,"column":16},"end":{"line":420,"column":null}},"104":{"start":{"line":421,"column":16},"end":{"line":421,"column":null}},"105":{"start":{"line":423,"column":12},"end":{"line":423,"column":null}},"106":{"start":{"line":425,"column":12},"end":{"line":425,"column":null}},"107":{"start":{"line":431,"column":25},"end":{"line":431,"column":null}},"108":{"start":{"line":432,"column":25},"end":{"line":432,"column":null}},"109":{"start":{"line":433,"column":21},"end":{"line":433,"column":null}},"110":{"start":{"line":434,"column":20},"end":{"line":434,"column":null}},"111":{"start":{"line":435,"column":46},"end":{"line":463,"column":null}},"112":{"start":{"line":465,"column":55},"end":{"line":490,"column":null}},"113":{"start":{"line":492,"column":53},"end":{"line":515,"column":null}},"114":{"start":{"line":517,"column":47},"end":{"line":558,"column":null}}},"fnMap":{"0":{"name":"(anonymous_0)","decl":{"start":{"line":65,"column":31},"end":{"line":65,"column":32}},"loc":{"start":{"line":65,"column":85},"end":{"line":76,"column":null}},"line":65},"1":{"name":"(anonymous_1)","decl":{"start":{"line":71,"column":19},"end":{"line":71,"column":20}},"loc":{"start":{"line":71,"column":37},"end":{"line":74,"column":5}},"line":71},"2":{"name":"(anonymous_2)","decl":{"start":{"line":78,"column":27},"end":{"line":78,"column":28}},"loc":{"start":{"line":78,"column":64},"end":{"line":82,"column":null}},"line":78},"3":{"name":"(anonymous_3)","decl":{"start":{"line":79,"column":34},"end":{"line":79,"column":35}},"loc":{"start":{"line":79,"column":41},"end":{"line":79,"column":62}},"line":79},"4":{"name":"(anonymous_4)","decl":{"start":{"line":99,"column":30},"end":{"line":99,"column":null}},"loc":{"start":{"line":102,"column":24},"end":{"line":139,"column":null}},"line":102},"5":{"name":"(anonymous_5)","decl":{"start":{"line":115,"column":17},"end":{"line":115,"column":18}},"loc":{"start":{"line":115,"column":35},"end":{"line":137,"column":null}},"line":115},"6":{"name":"(anonymous_6)","decl":{"start":{"line":128,"column":37},"end":{"line":128,"column":38}},"loc":{"start":{"line":128,"column":63},"end":{"line":133,"column":13}},"line":128},"7":{"name":"(anonymous_7)","decl":{"start":{"line":140,"column":34},"end":{"line":140,"column":null}},"loc":{"start":{"line":143,"column":24},"end":{"line":233,"column":null}},"line":143},"8":{"name":"(anonymous_8)","decl":{"start":{"line":207,"column":17},"end":{"line":207,"column":18}},"loc":{"start":{"line":207,"column":35},"end":{"line":230,"column":null}},"line":207},"9":{"name":"(anonymous_9)","decl":{"start":{"line":221,"column":36},"end":{"line":221,"column":37}},"loc":{"start":{"line":221,"column":62},"end":{"line":226,"column":13}},"line":221},"10":{"name":"(anonymous_10)","decl":{"start":{"line":234,"column":33},"end":{"line":234,"column":null}},"loc":{"start":{"line":237,"column":24},"end":{"line":311,"column":null}},"line":237},"11":{"name":"(anonymous_11)","decl":{"start":{"line":285,"column":17},"end":{"line":285,"column":18}},"loc":{"start":{"line":285,"column":35},"end":{"line":308,"column":null}},"line":285},"12":{"name":"(anonymous_12)","decl":{"start":{"line":299,"column":36},"end":{"line":299,"column":37}},"loc":{"start":{"line":299,"column":62},"end":{"line":304,"column":13}},"line":299},"13":{"name":"(anonymous_13)","decl":{"start":{"line":313,"column":31},"end":{"line":313,"column":null}},"loc":{"start":{"line":316,"column":24},"end":{"line":429,"column":null}},"line":316},"14":{"name":"(anonymous_14)","decl":{"start":{"line":405,"column":17},"end":{"line":405,"column":18}},"loc":{"start":{"line":405,"column":35},"end":{"line":426,"column":null}},"line":405},"15":{"name":"(anonymous_15)","decl":{"start":{"line":417,"column":37},"end":{"line":417,"column":38}},"loc":{"start":{"line":417,"column":63},"end":{"line":422,"column":13}},"line":417}},"branchMap":{"0":{"loc":{"start":{"line":66,"column":4},"end":{"line":68,"column":null}},"type":"if","locations":[{"start":{"line":66,"column":4},"end":{"line":68,"column":null}},{"start":{},"end":{}}],"line":66},"1":{"loc":{"start":{"line":72,"column":8},"end":{"line":72,"column":null}},"type":"if","locations":[{"start":{"line":72,"column":8},"end":{"line":72,"column":null}},{"start":{},"end":{}}],"line":72},"2":{"loc":{"start":{"line":79,"column":11},"end":{"line":81,"column":null}},"type":"binary-expr","locations":[{"start":{"line":79,"column":11},"end":{"line":79,"column":87}},{"start":{"line":79,"column":87},"end":{"line":81,"column":null}}],"line":79},"3":{"loc":{"start":{"line":129,"column":16},"end":{"line":129,"column":null}},"type":"if","locations":[{"start":{"line":129,"column":16},"end":{"line":129,"column":null}},{"start":{},"end":{}}],"line":129},"4":{"loc":{"start":{"line":132,"column":47},"end":{"line":132,"column":null}},"type":"binary-expr","locations":[{"start":{"line":132,"column":47},"end":{"line":132,"column":70}},{"start":{"line":132,"column":70},"end":{"line":132,"column":null}}],"line":132},"5":{"loc":{"start":{"line":208,"column":26},"end":{"line":208,"column":null}},"type":"binary-expr","locations":[{"start":{"line":208,"column":26},"end":{"line":208,"column":57}},{"start":{"line":208,"column":57},"end":{"line":208,"column":null}}],"line":208},"6":{"loc":{"start":{"line":222,"column":16},"end":{"line":222,"column":null}},"type":"if","locations":[{"start":{"line":222,"column":16},"end":{"line":222,"column":null}},{"start":{},"end":{}}],"line":222},"7":{"loc":{"start":{"line":225,"column":47},"end":{"line":225,"column":null}},"type":"binary-expr","locations":[{"start":{"line":225,"column":47},"end":{"line":225,"column":70}},{"start":{"line":225,"column":70},"end":{"line":225,"column":null}}],"line":225},"8":{"loc":{"start":{"line":300,"column":16},"end":{"line":300,"column":null}},"type":"if","locations":[{"start":{"line":300,"column":16},"end":{"line":300,"column":null}},{"start":{},"end":{}}],"line":300},"9":{"loc":{"start":{"line":303,"column":47},"end":{"line":303,"column":null}},"type":"binary-expr","locations":[{"start":{"line":303,"column":47},"end":{"line":303,"column":70}},{"start":{"line":303,"column":70},"end":{"line":303,"column":null}}],"line":303},"10":{"loc":{"start":{"line":418,"column":16},"end":{"line":418,"column":null}},"type":"if","locations":[{"start":{"line":418,"column":16},"end":{"line":418,"column":null}},{"start":{},"end":{}}],"line":418},"11":{"loc":{"start":{"line":421,"column":47},"end":{"line":421,"column":null}},"type":"binary-expr","locations":[{"start":{"line":421,"column":47},"end":{"line":421,"column":70}},{"start":{"line":421,"column":70},"end":{"line":421,"column":null}}],"line":421}},"s":{"0":0,"1":0,"2":0,"3":0,"4":0,"5":0,"6":0,"7":0,"8":0,"9":0,"10":0,"11":0,"12":0,"13":0,"14":0,"15":0,"16":0,"17":0,"18":0,"19":0,"20":0,"21":0,"22":0,"23":0,"24":0,"25":0,"26":0,"27":0,"28":0,"29":0,"30":0,"31":0,"32":0,"33":0,"34":0,"35":0,"36":0,"37":0,"38":0,"39":0,"40":0,"41":0,"42":0,"43":0,"44":0,"45":0,"46":0,"47":0,"48":0,"49":0,"50":0,"51":0,"52":0,"53":0,"54":0,"55":0,"56":0,"57":0,"58":0,"59":0,"60":0,"61":0,"62":0,"63":0,"64":0,"65":0,"66":0,"67":0,"68":0,"69":0,"70":0,"71":0,"72":0,"73":0,"74":0,"75":0,"76":0,"77":0,"78":0,"79":0,"80":0,"81":0,"82":0,"83":0,"84":0,"85":0,"86":0,"87":0,"88":0,"89":0,"90":0,"91":0,"92":0,"93":0,"94":0,"95":0,"96":0,"97":0,"98":0,"99":0,"100":0,"101":0,"102":0,"103":0,"104":0,"105":0,"106":0,"107":0,"108":0,"109":0,"110":0,"111":0,"112":0,"113":0,"114":0},"f":{"0":0,"1":0,"2":0,"3":0,"4":0,"5":0,"6":0,"7":0,"8":0,"9":0,"10":0,"11":0,"12":0,"13":0,"14":0,"15":0},"b":{"0":[0,0],"1":[0,0],"2":[0,0],"3":[0,0],"4":[0,0],"5":[0,0],"6":[0,0],"7":[0,0],"8":[0,0],"9":[0,0],"10":[0,0],"11":[0,0]},"meta":{"lastBranch":12,"lastFunction":16,"lastStatement":115,"seen":{"s:35:29:35:Infinity":0,"s:36:25:36:Infinity":1,"s:37:26:37:Infinity":2,"s:38:26:38:Infinity":3,"s:39:21:39:Infinity":4,"s:40:25:40:Infinity":5,"s:41:33:41:Infinity":6,"s:42:34:42:Infinity":7,"s:43:32:43:Infinity":8,"s:44:25:44:Infinity":9,"s:45:28:45:Infinity":10,"s:46:20:46:Infinity":11,"s:47:18:47:Infinity":12,"s:48:21:48:Infinity":13,"s:49:21:49:Infinity":14,"s:50:18:50:Infinity":15,"s:51:21:51:Infinity":16,"s:52:18:52:Infinity":17,"s:53:31:53:Infinity":18,"s:54:30:54:Infinity":19,"s:55:29:55:Infinity":20,"s:56:19:62:Infinity":21,"s:65:31:76:Infinity":22,"f:65:31:65:32":0,"b:66:4:68:Infinity:undefined:undefined:undefined:undefined":0,"s:66:4:68:Infinity":23,"s:67:8:67:Infinity":24,"s:69:38:69:Infinity":25,"s:71:4:74:Infinity":26,"f:71:19:71:20":1,"b:72:8:72:Infinity:undefined:undefined:undefined:undefined":1,"s:72:8:72:Infinity":27,"s:72:29:72:Infinity":28,"s:73:8:73:Infinity":29,"s:75:4:75:Infinity":30,"s:78:27:82:Infinity":31,"f:78:27:78:28":2,"s:79:4:81:Infinity":32,"b:79:11:79:87:79:87:81:Infinity":2,"f:79:34:79:35":3,"s:79:41:79:62":33,"s:83:69:89:Infinity":34,"s:90:39:97:Infinity":35,"s:99:30:139:Infinity":36,"f:99:30:99:Infinity":4,"s:102:24:139:Infinity":37,"f:115:17:115:18":5,"s:116:26:116:Infinity":38,"s:117:24:117:Infinity":39,"s:118:18:118:Infinity":40,"s:121:24:121:Infinity":41,"s:124:24:124:Infinity":42,"s:125:12:125:Infinity":43,"s:126:12:126:Infinity":44,"s:128:12:133:Infinity":45,"f:128:37:128:38":6,"b:129:16:129:Infinity:undefined:undefined:undefined:undefined":3,"s:129:16:129:Infinity":46,"s:129:48:129:Infinity":47,"s:130:28:130:Infinity":48,"s:131:16:131:Infinity":49,"s:132:16:132:Infinity":50,"b:132:47:132:70:132:70:132:Infinity":4,"s:134:12:134:Infinity":51,"s:136:12:136:Infinity":52,"s:140:34:233:Infinity":53,"f:140:34:140:Infinity":7,"s:143:24:233:Infinity":54,"f:207:17:207:18":8,"s:208:26:208:Infinity":55,"b:208:26:208:57:208:57:208:Infinity":5,"s:209:24:209:Infinity":56,"s:210:39:210:Infinity":57,"s:211:18:211:Infinity":58,"s:214:24:214:Infinity":59,"s:217:24:217:Infinity":60,"s:218:12:218:Infinity":61,"s:219:12:219:Infinity":62,"s:221:12:226:Infinity":63,"f:221:36:221:37":9,"b:222:16:222:Infinity:undefined:undefined:undefined:undefined":6,"s:222:16:222:Infinity":64,"s:222:49:222:Infinity":65,"s:223:28:223:Infini
[...]
220":0,"221":0,"222":0,"223":0,"224":0,"225":0,"226":0,"227":0,"228":0,"229":0,"230":0,"231":0,"232":0,"233":0,"234":0,"235":0,"236":0,"237":0,"238":0,"239":0,"240":0,"241":0,"242":0,"243":0,"244":0,"245":0,"246":0,"247":0,"248":0,"249":0,"250":0,"251":0,"252":0,"253":0,"254":0,"255":0,"256":0,"257":0,"258":0,"259":0,"260":0,"261":0,"262":0,"263":0,"264":0,"265":0,"266":0,"267":0,"268":0,"269":0,"270":0,"271":0,"272":0,"273":0,"274":0,"275":0,"276":0,"277":0,"278":0,"279":0,"280":0,"281":0,"282":0,"283":0,"284":0,"285":0,"286":0,"287":0,"288":0,"289":0,"290":0,"291":0,"292":0,"293":0,"294":0,"295":0,"296":0,"297":0,"298":0,"299":0,"300":0,"301":0,"302":0,"303":0,"304":0,"305":0,"306":0,"307":0,"308":0,"309":0,"310":0,"311":0,"312":0,"313":0,"314":0,"315":0,"316":0,"317":0,"318":0,"319":0,"320":0,"321":0,"322":0,"323":0,"324":0},"f":{"0":0,"1":0,"2":0,"3":0,"4":0,"5":0,"6":0,"7":0,"8":0,"9":0,"10":0,"11":0,"12":0,"13":0,"14":0,"15":0,"16":0,"17":0,"18":0,"19":0,"20":0,"21":0,"22":0,"23":0,"24":0,"25":0,"26":0,"27":0,"28":0,"29":0,"30":0,"31":0,"32":0,"33":0,"34":0,"35":0,"36":0,"37":0,"38":0,"39":0,"40":0,"41":0,"42":0,"43":0,"44":0,"45":0,"46":0,"47":0,"48":0,"49":0,"50":0,"51":0,"52":0,"53":0,"54":0,"55":0,"56":0,"57":0,"58":0,"59":0,"60":0,"61":0,"62":0,"63":0,"64":0,"65":0,"66":0,"67":0,"68":0,"69":0,"70":0,"71":0,"72":0,"73":0,"74":0,"75":0,"76":0,"77":0,"78":0,"79":0,"80":0,"81":0,"82":0,"83":0,"84":0,"85":0,"86":0,"87":0,"88":0,"89":0,"90":0,"91":0,"92":0,"93":0,"94":0,"95":0,"96":0,"97":0,"98":0},"b":{"0":[0,0],"1":[0,0],"2":[0,0],"3":[0,0],"4":[0,0],"5":[0,0],"6":[0,0],"7":[0,0],"8":[0,0],"9":[0,0],"10":[0,0],"11":[0,0],"12":[0,0],"13":[0,0],"14":[0,0],"15":[0,0],"16":[0,0],"17":[0,0,0,0],"18":[0,0],"19":[0,0],"20":[0,0],"21":[0,0],"22":[0,0],"23":[0,0],"24":[0,0],"25":[0,0],"26":[0,0],"27":[0,0],"28":[0,0],"29":[0,0],"30":[0,0],"31":[0,0],"32":[0,0],"33":[0,0],"34":[0,0],"35":[0,0],"36":[0,0],"37":[0,0],"38":[0,0],"39":[0,0],"40":[0,0],"41":[0,0],"42":[0,0],"43":[0,0],"44":[0,0],"45":[0,0],"46":[0,0],"47":[0,0],"48":[0,0],"49":[0,0],"50":[0,0]},"meta":{"lastBranch":51,"lastFunction":99,"lastStatement":325,"seen":{"s:46:19:46:Infinity":0,"s:48:27:48:Infinity":1,"s:49:27:49:Infinity":2,"s:51:39:55:Infinity":3,"s:56:12:56:Infinity":4,"s:59:42:59:Infinity":5,"s:61:47:70:Infinity":6,"s:80:70:80:Infinity":7,"s:83:59:83:Infinity":8,"s:88:64:91:Infinity":9,"s:94:12:94:Infinity":10,"s:95:12:95:Infinity":11,"s:96:12:96:Infinity":12,"s:97:12:97:Infinity":13,"s:98:12:98:Infinity":14,"s:99:12:99:Infinity":15,"s:102:30:108:Infinity":16,"s:111:43:111:Infinity":17,"s:115:37:115:Infinity":18,"s:116:39:116:Infinity":19,"s:117:34:117:Infinity":20,"s:131:44:131:Infinity":21,"s:132:35:132:Infinity":22,"s:133:43:133:Infinity":23,"s:134:42:134:Infinity":24,"s:137:52:137:Infinity":25,"f:73:16:73:46":0,"s:73:48:73:88":26,"f:74:16:74:48":1,"s:74:50:74:92":27,"f:75:16:75:43":2,"s:75:45:75:87":28,"f:76:16:76:44":3,"s:76:46:76:89":29,"f:77:16:77:44":4,"s:77:46:77:89":30,"f:78:16:78:46":5,"s:78:48:78:93":31,"f:140:11:140:25":6,"s:141:8:141:Infinity":32,"s:143:27:143:Infinity":33,"s:144:8:144:Infinity":34,"s:146:21:146:Infinity":35,"s:149:8:149:Infinity":36,"s:152:8:152:Infinity":37,"s:153:8:153:Infinity":38,"s:156:8:164:Infinity":39,"s:167:8:167:Infinity":40,"s:170:8:170:Infinity":41,"f:173:10:173:45":7,"s:174:8:174:Infinity":42,"s:175:8:175:Infinity":43,"s:176:8:176:Infinity":44,"s:177:8:177:Infinity":45,"f:179:4:179:33":8,"s:180:8:180:Infinity":46,"f:183:12:183:35":9,"s:184:8:192:Infinity":47,"b:185:12:191:Infinity:undefined:undefined:undefined:undefined":0,"s:185:12:191:Infinity":48,"s:186:16:186:Infinity":49,"s:187:16:190:Infinity":50,"f:188:20:188:21":10,"s:188:52:188:80":51,"s:188:80:188:117":52,"f:189:20:189:21":11,"s:189:53:189:82":53,"s:189:82:189:117":54,"f:195:12:195:27":12,"s:196:8:200:Infinity":55,"s:197:27:197:Infinity":56,"s:198:12:198:Infinity":57,"s:199:12:199:Infinity":58,"f:202:12:202:29":13,"s:203:23:203:Infinity":59,"s:204:26:204:Infinity":60,"b:204:35:204:50:204:50:204:Infinity":1,"b:206:8:208:Infinity:undefined:undefined:undefined:undefined":2,"s:206:8:208:Infinity":61,"s:207:12:207:Infinity":62,"b:209:8:211:Infinity:undefined:undefined:undefined:undefined":3,"s:209:8:211:Infinity":63,"s:210:12:210:Infinity":64,"f:213:18:213:50":14,"s:214:27:214:Infinity":65,"s:215:8:215:Infinity":66,"s:216:8:216:Infinity":67,"s:219:8:219:Infinity":68,"s:220:8:220:Infinity":69,"s:223:21:223:Infinity":70,"s:224:8:224:Infinity":71,"s:227:8:230:Infinity":72,"s:232:8:232:Infinity":73,"f:232:80:232:81":15,"s:232:91:232:103":74,"s:234:8:234:Infinity":75,"s:235:8:235:Infinity":76,"s:238:8:240:Infinity":77,"f:238:25:238:32":16,"s:239:12:239:Infinity":78,"s:243:8:249:Infinity":79,"f:244:12:244:18":17,"s:244:18:244:Infinity":80,"f:245:12:245:19":18,"b:246:16:246:Infinity:undefined:undefined:undefined:undefined":4,"s:246:16:246:Infinity":81,"s:246:37:246:Infinity":82,"s:247:16:247:Infinity":83,"s:251:8:251:Infinity":84,"f:253:18:253:40":19,"s:254:20:254:Infinity":85,"b:255:8:255:Infinity:undefined:undefined:undefined:undefined":5,"s:255:8:255:Infinity":86,"s:255:33:255:Infinity":87,"b:257:8:259:Infinity:undefined:undefined:undefined:undefined":6,"s:257:8:259:Infinity":88,"s:258:12:258:Infinity":89,"s:261:23:261:Infinity":90,"s:262:8:269:Infinity":91,"s:270:8:270:Infinity":92,"s:271:8:271:Infinity":93,"f:273:12:273:36":20,"b:274:8:284:Infinity:undefined:undefined:undefined:undefined":7,"s:274:8:284:Infinity":94,"s:275:12:275:Infinity":95,"s:276:12:276:Infinity":96,"s:277:12:283:Infinity":97,"f:278:16:278:22":21,"s:278:22:278:Infinity":98,"f:279:16:279:17":22,"b:280:20:280:Infinity:undefined:undefined:undefined:undefined":8,"s:280:20:280:Infinity":99,"b:280:24:280:30:280:30:280:34":9,"s:280:34:280:Infinity":100,"b:281:20:281:Infinity:undefined:undefined:undefined:undefined":10,"s:281:20:281:Infinity":101,"s:281:36:281:Infinity":102,"b:281:61:281:74:281:74:281:Infinity":11,"f:286:18:286:42":23,"s:287:8:296:Infinity":103,"f:288:8:288:14":24,"s:288:14:288:43":104,"f:288:50:288:56":25,"b:289:12:289:Infinity:undefined:undefined:undefined:undefined":12,"s:289:12:289:Infinity":105,"s:289:28:289:Infinity":106,"s:290:27:290:Infinity":107,"b:291:12:291:Infinity:undefined:undefined:undefined:undefined":13,"s:291:12:291:Infinity":108,"b:291:16:291:22:291:22:291:26":14,"s:291:26:291:Infinity":109,"b:292:12:295:Infinity:undefined:undefined:undefined:undefined":15,"s:292:12:295:Infinity":110,"b:292:16:292:29:292:29:292:41":16,"s:293:16:293:Infinity":111,"s:294:16:294:Infinity":112,"f:299:18:299:67":26,"s:300:55:300:Infinity":113,"s:301:8:311:Infinity":114,"f:301:60:301:67":27,"s:302:12:310:Infinity":115,"s:303:30:303:Infinity":116,"s:304:16:304:Infinity":117,"s:305:16:305:Infinity":118,"s:306:16:306:Infinity":119,"s:307:16:307:Infinity":120,"s:309:16:309:Infinity":121,"s:313:29:313:Infinity":122,"f:313:61:313:62":28,"s:313:79:313:86":123,"f:313:92:313:93":29,"s:313:107:313:112":124,"s:314:8:314:Infinity":125,"f:314:29:314:30":30,"s:314:43:314:76":126,"s:315:8:315:Infinity":127,"f:318:12:318:30":31,"b:320:12:324:Infinity:325:12:329:Infinity:330:12:334:Infinity:335:12:339:Infinity":17,"s:319:8:340:Infinity":128,"s:321:33:321:Infinity":129,"s:322:16:322:Infinity":130,"f:322:55:322:61":32,"s:322:61:322:97":131,"s:323:16:323:Infinity":132,"s:326:33:326:Infinity":133,"s:327:16:327:Infinity":134,"f:327:57:327:63":33,"s:327:63:327:99":135,"s:328:16:328:Infinity":136,"s:331:16:332:Infinity":137,"f:332:41:332:42":34,"s:332:50:332:86":138,"s:333:16:333:Infinity":139,"s:336:16:337:Infinity":140,"f:337:25:337:32":35,"s:337:32:337:76":141,"s:338:16:338:Infinity":142,"f:343:18:343:32":36,"s:344:8:347:Infinity":143,"s:345:12:345:Infinity":144,"s:346:13:346:Infinity":145,"f:350:18:350:35":37,"s:351:8:361:Infinity":146,"b:352:12:358:Infinity:356:19:358:Infinity":18,"s:352:12:358:Infinity":147,"s:353:28:353:Infinity":148,"s:354:29:354:Infinity":149,"s:355:16:355:Infinity":150,"s:357:16:357:Infinity":151,"s:360:12:360:Infinity":152,"s:362:8:373:Infinity":153,"b:372:27:372:49:372:49:372:Infinity":19,"f:375:12:375:26":38,"b:376:8:389:Infinity:378:15:389:Infinity":20,"s:376:8:389:Infinity":154,"s:377:12:377:Infinity":155,"b:379:12:381:Infinity:undefined:undefined:undefined:undefined":21,"s:379:12:381:Infinity":156,"s:380:16:380:Infinity":157,"s:382:12:388:Infinity":158,"f:382:37:382:38":39,"s:382:49:388:14":159,"f:392:12:392:24":40,"s:393:8:395:Infinity":160,"f:393:61:393:62":41,"s:394:12:394:Infinity":161,"b:394:54:394:66:394:66:394:Infinity":22,"s:396:8:399:Infinity":162,"f:396:39:396:40":42,"s:397:12:397:Infinity":163,"b:397:27:397:41:397:41:397:Infinity":23,"b:398:12:398:Infinity:undefined:undefined:undefined:undefined":24,"s:398:12:398:Infinity":164,"s:398:31:398:Infinity":165,"f:402:12:402:53":43,"s:403:47:413:Infinity":166,"f:403:64:403:65":44,"s:403:72:413:10":167,"f:406:21:406:33":45,"s:406:33:412:Infinity":168,"s:414:8:424:Infinity":169,"f:417:21:417:33":46,"b:418:16:422:Infinity:420:23:422:Infinity":25,"s:418:16:422:Infinity":170,"s:419:20:419:Infinity":171,"s:421:20:421:Infinity":172,"s:426:34:430:Infinity":173,"s:432:8:432:Infinity":174,"s:435:60:441:Infinity":175,"s:442:8:447:Infinity":176,"f:442:23:442:24":47,"s:443:12:446:Infinity":177,"f:443:56:443:62":48,"s:444:31:444:Infinity":178,"b:445:16:445:Infinity:undefined:undefined:undefined:undefined":26,"s:445:16:445:Infinity":179,"s:445:28:445:Infinity":180,"s:449:8:449:Infinity":181,"f:452:12:452:49":49,"s:453:47:459:Infinity":182,"f:453:66:453:67":50,"s:453:74:459:10":183,"f:456:21:456:22":51,"s:457:16:457:Infinity":184,"f:457:49:457:55":52,"s:457:55:457:92":185,"s:460:8:468:Infinity":186,"f:463:21:463:33":53,"s:463:33:463:Infinity":187,"f:467:21:467:33":54,"s:467:33:467:Infinity":188,"s:470:36:475:Infinity":189,"b:471:46:471:59:471:59:471:Infinity":27,"s:476:8:476:Infinity":190,"s:477:8:477:Infinity":191,"f:479:18:479:40":55,"b:480:8:485:Infinity:undefined:undefined:undefined:undefined":28,"s:480:8:485:Infinity":192,"s:481:12:481:Infinity":193,"s:482:12:482:Infinity":194,"s:483:12:483:Infinity":195,"s:484:12:484:Infinity":196,"s:486:8:486:Infinity":197,"s:487:8:492:Infinity":198,"b:489:12:489:27:489:27:489:Infinity":29,"b:491:12:491:35:491:35:491:Infinity":30,"f:494:18:494:45":56,"b:495:8:495:Infinity:undefined:undefined:undefined:undefined":31,"s:495:8:495:Infinity":199,"s:495:33:495:Infinity":200,"s:496:26:496:Infinity":201,"s:498:8:505:Infinity":202,"f:507:18:507:46":57,"s:508:8:517:Infinity":203,"f:508:25:508:32":58,"s:509:36:509:Infinity":204,"s:510:28:510:Infinity":205,"s:512:27:512:Infinity":206,"b:513:12:513:Infinity:undefined:undefined:undefined:undefined":32,"s:513:12:513:Infinity":207,"b:513:16:513:27:513:27:513:54":33,"s:513:54:513:Infinity":208,"b:514:12:514:Infinity:undefined:undefined:undefined:undefined":34,"s:514:12:514:Infinity":209,"s:514:80:514:Infinity":210,"s:515:28:515:Infinity":211,"s:516:12:516:Infinity":212,"f:519:18:519:39":59,"s:520:8:532:Infinity":213,"f:520:73:520:80":60,"s:521:30:521:Infinity":214,"s:522:12:529:Infinity":215,"s:530:12:530:Infinity":216,"s:531:12:531:Infinity":217,"f:535:18:535:Infinity":61,"s:538:26:538:Infinity":218,"s:540:23:544:Infinity":219,"b:546:8:549:Infinity:undefined:undefined:undefined:undefined":35,"s:546:8:549:Infinity":220,"s:547:27:547:Infinity":221,"f:547:47:547:48":62,"s:547:59:547:80":222,"s:548:12:548:Infinity":223,"f:552:12:552:29":63,"s:553:8:553:Infinity":224,"f:553:38:553:43":64,"s:553:43:553:53":225,"s:554:8:554:Infinity":226,"s:555:8:555:Infinity":227,"f:555:61:555:62":65,"s:555:73:555:89":228,"f:557:18:557:33":66,"s:558:23:558:Infinity":229,"s:559:8:562:Infinity":230,"f:559:23:559:30":67,"s:560:30:560:Infinity":231,"s:561:12:561:Infinity":232,"f:566:18:566:53":68,"s:567:8:567:Infinity":233,"s:568:8:574:Infinity":234,"f:576:12:576:62":69,"s:577:29:593:Infinity":235,"f:579:21:579:33":70,"s:580:16:584:Infinity":236,"s:594:8:594:Infinity":237,"s:595:8:595:Infinity":238,"s:596:8:596:Infinity":239,"f:598:12:598:64":71,"s:599:29:615:Infinity":240,"f:601:21:601:33":72,"s:602:16:606:Infinity":241,"s:616:8:616:Infinity":242,"s:617:8:617:Infinity":243,"s:618:8:618:Infinity":244,"f:620:12:620:59":73,"s:621:29:637:Infinity":245,"f:623:21:623:33":74,"s:624:16:628:Infinity":246,"s:638:8:638:Infinity":247,"s:639:8:639:Infinity":248,"s:640:8:640:Infinity":249,"f:643:12:643:63":75,"s:644:30:664:Infinity":250,"f:646:21:646:33":76,"s:647:33:647:Infinity":251,"s:648:16:648:Infinity":252,"s:649:16:654:Infinity":253,"f:649:49:649:50":77,"b:650:20:653:Infinity:undefined:undefined:undefined:undefined":36,"s:650:20:653:Infinity":254,"s:651:44:651:Infinity":255,"s:652:24:652:Infinity":256,"s:655:16:655:Infinity":257,"s:665:8:665:Infinity":258,"s:666:8:666:Infinity":259,"f:668:18:668:83":78,"s:669:21:669:Infinity":260,"s:670:8:690:Infinity":261,"f:675:67:675:68":79,"s:675:94:678:22":262,"f:680:29:680:30":80,"s:681:38:681:Infinity":263,"s:682:20:682:Infinity":264,"s:683:20:686:Infinity":265,"s:687:20:687:Infinity":266,"f:693:18:693:77":81,"s:694:8:714:Infinity":267,"f:699:25:699:26":82,"s:700:16:700:Infinity":268,"s:701:16:701:Infinity":269,"b:701:35:701:46:701:46:701:48":37,"b:702:16:704:Infinity:undefined:undefined:undefined:undefined":38,"s:702:16:704:Infinity":270,"b:702:20:702:29:702:29:702:46":39,"s:703:20:703:Infinity":271,"f:709:29:709:30":83,"s:710:20:710:Infinity":272,"s:711:20:711:Infinity":273,"f:711:40:711:41":84,"s:711:52:711:92":274,"f:718:18:718:33":85,"s:719:23:719:Infinity":275,"b:719:51:719:64:719:64:719:Infinity":40,"s:722:23:726:Infinity":276,"b:731:8:742:Infinity:739:15:742:Infinity":41,"s:731:8:742:Infinity":277,"s:732:12:732:Infinity":278,"f:732:49:732:54":86,"s:732:54:732:81":279,"b:733:12:738:Infinity:736:19:738:Infinity":42,"s:733:12:738:Infinity":280,"f:733:28:733:33":87,"s:733:33:733:56":281,"s:735:16:735:Infinity":282,"f:735:53:735:58":88,"s:735:58:735:97":283,"s:737:16:737:Infinity":284,"f:737:53:737:58":89,"s:737:58:737:84":285,"s:740:12:740:Infinity":286,"s:741:12:741:Infinity":287,"s:745:8:753:Infinity":288,"f:745:23:745:30":90,"s:746:30:746:Infinity":289,"s:748:12:752:Infinity":290,"b:749:77:749:89:749:89:749:99":43,"s:756:20:756:Infinity":291,"b:757:8:759:Infinity:undefined:undefined:undefined:undefined":44,"s:757:8:759:Infinity":292,"s:758:12:758:Infinity":293,"f:761:12:761:40":91,"s:762:8:764:Infinity":294,"f:762:66:762:72":92,"s:763:12:763:Infinity":295,"f:766:12:766:26":93,"b:767:8:770:Infinity:undefined:undefined:undefined:undefined":45,"s:767:8:770:Infinity":296,"s:768:12:768:Infinity":297,"s:769:12:769:Infinity":298,"s:771:24:771:Infinity":299,"f:771:45:771:46":94,"s:771:57:771:90":300,"b:772:8:772:Infinity:undefined:undefined:undefined:undefined":46,"s:772:8:772:Infinity":301,"s:772:22:772:Infinity":302,"s:774:22:774:Infinity":303,"s:775:8:775:Infinity":304,"f:775:71:775:72":95,"s:775:78:775:88":305,"s:776:8:776:Infinity":306,"s:777:8:777:Infinity":307,"s:778:8:778:Infinity":308,"s:781:14:794:Infinity":309,"f:783:12:783:18":96,"s:783:12:788:16":310,"s:795:8:795:Infinity":311,"s:798:14:814:Infinity":312,"f:800:12:800:18":97,"s:801:41:801:Infinity":313,"s:802:16:809:Infinity":314,"b:803:16:803:Infinity:undefined:undefined:undefined:undefined":47,"s:803:16:803:Infinity":315,"s:803:47:803:Infinity":316,"b:804:20:804:Infinity:undefined:undefined:undefined:undefined":48,"s:804:20:804:Infinity":317,"b:804:25:804:68:804:68:804:93":49,"s:804:93:804:Infinity":318,"s:807:35:807:Infinity":319,"s:808:20:808:Infinity":320,"b:808:102:808:117:808:117:808:121":50,"s:810:16:810:Infinity":321,"s:815:8:815:Infinity":322,"s:816:8:816:Infinity":323,"f:818:12:818:23":98,"s:819:8:819:Infinity":324}}}
,"/Users/jdeto/dev/mrp/stl-transit/www/src/cmp/site-ttl.ts": {"path":"/Users/jdeto/dev/mrp/stl-transit/www/src/cmp/site-ttl.ts","statementMap":{"0":{"start":{"line":1,"column":19},"end":{"line":1,"column":null}},"1":{"start":{"line":5,"column":8},"end":{"line":5,"column":null}},"2":{"start":{"line":6,"column":21},"end":{"line":6,"column":null}},"3":{"start":{"line":7,"column":8},"end":{"line":7,"column":null}},"4":{"start":{"line":10,"column":19},"end":{"line":10,"column":null}},"5":{"start":{"line":11,"column":21},"end":{"line":11,"column":null}},"6":{"start":{"line":12,"column":8},"end":{"line":12,"column":null}},"7":{"start":{"line":13,"column":8},"end":{"line":13,"column":null}},"8":{"start":{"line":16,"column":22},"end":{"line":16,"column":null}},"9":{"start":{"line":17,"column":8},"end":{"line":17,"column":null}},"10":{"start":{"line":18,"column":8},"end":{"line":18,"column":null}},"11":{"start":{"line":22,"column":14},"end":{"line":22,"column":null}}},"fnMap":{"0":{"name":"(anonymous_0)","decl":{"start":{"line":4,"column":4},"end":{"line":4,"column":18}},"loc":{"start":{"line":4,"column":18},"end":{"line":8,"column":null}},"line":4},"1":{"name":"(anonymous_1)","decl":{"start":{"line":9,"column":4},"end":{"line":9,"column":34}},"loc":{"start":{"line":9,"column":34},"end":{"line":14,"column":null}},"line":9},"2":{"name":"(anonymous_2)","decl":{"start":{"line":15,"column":4},"end":{"line":15,"column":35}},"loc":{"start":{"line":15,"column":35},"end":{"line":19,"column":null}},"line":15}},"branchMap":{},"s":{"0":0,"1":0,"2":0,"3":0,"4":0,"5":0,"6":0,"7":0,"8":0,"9":0,"10":0,"11":0},"f":{"0":0,"1":0,"2":0},"b":{},"meta":{"lastBranch":0,"lastFunction":3,"lastStatement":12,"seen":{"s:1:19:1:Infinity":0,"f:4:4:4:18":0,"s:5:8:5:Infinity":1,"s:6:21:6:Infinity":2,"s:7:8:7:Infinity":3,"f:9:4:9:34":1,"s:10:19:10:Infinity":4,"s:11:21:11:Infinity":5,"s:12:8:12:Infinity":6,"s:13:8:13:Infinity":7,"f:15:4:15:35":2,"s:16:22:16:Infinity":8,"s:17:8:17:Infinity":9,"s:18:8:18:Infinity":10,"s:22:14:22:Infinity":11}}}
,"/Users/jdeto/dev/mrp/stl-transit/www/src/cmp/styleshadow.ts": {"path":"/Users/jdeto/dev/mrp/stl-transit/www/src/cmp/styleshadow.ts","statementMap":{"0":{"start":{"line":1,"column":21},"end":{"line":1,"column":null}},"1":{"start":{"line":167,"column":25},"end":{"line":167,"column":null}}},"fnMap":{},"branchMap":{},"s":{"0":0,"1":0},"f":{},"b":{},"meta":{"lastBranch":0,"lastFunction":0,"lastStatement":2,"seen":{"s:1:21:1:Infinity":0,"s:167:25:167:Infinity":1}}}
,"/Users/jdeto/dev/mrp/stl-transit/www/src/cmp/top-btm.ts": {"path":"/Users/jdeto/dev/mrp/stl-transit/www/src/cmp/top-btm.ts","statementMap":{"0":{"start":{"line":1,"column":19},"end":{"line":1,"column":null}},"1":{"start":{"line":5,"column":8},"end":{"line":5,"column":null}},"2":{"start":{"line":6,"column":21},"end":{"line":6,"column":null}},"3":{"start":{"line":7,"column":20},"end":{"line":7,"column":null}},"4":{"start":{"line":8,"column":21},"end":{"line":8,"column":null}},"5":{"start":{"line":9,"column":8},"end":{"line":9,"column":null}},"6":{"start":{"line":11,"column":8},"end":{"line":11,"column":null}},"7":{"start":{"line":12,"column":8},"end":{"line":12,"column":null}},"8":{"start":{"line":15,"column":22},"end":{"line":15,"column":null}},"9":{"start":{"line":16,"column":8},"end":{"line":16,"column":null}},"10":{"start":{"line":17,"column":8},"end":{"line":17,"column":null}},"11":{"start":{"line":21,"column":14},"end":{"line":21,"column":null}}},"fnMap":{"0":{"name":"(anonymous_0)","decl":{"start":{"line":4,"column":4},"end":{"line":4,"column":18}},"loc":{"start":{"line":4,"column":18},"end":{"line":13,"column":null}},"line":4},"1":{"name":"(anonymous_1)","decl":{"start":{"line":14,"column":4},"end":{"line":14,"column":35}},"loc":{"start":{"line":14,"column":35},"end":{"line":18,"column":null}},"line":14}},"branchMap":{},"s":{"0":0,"1":0,"2":0,"3":0,"4":0,"5":0,"6":0,"7":0,"8":0,"9":0,"10":0,"11":0},"f":{"0":0,"1":0},"b":{},"meta":{"lastBranch":0,"lastFunction":2,"lastStatement":12,"seen":{"s:1:19:1:Infinity":0,"f:4:4:4:18":0,"s:5:8:5:Infinity":1,"s:6:21:6:Infinity":2,"s:7:20:7:Infinity":3,"s:8:21:8:Infinity":4,"s:9:8:9:Infinity":5,"s:11:8:11:Infinity":6,"s:12:8:12:Infinity":7,"f:14:4:14:35":1,"s:15:22:15:Infinity":8,"s:16:8:16:Infinity":9,"s:17:8:17:Infinity":10,"s:21:14:21:Infinity":11}}}
}
